2024-06-22 23:18:37.230  INFO 21944 --- [main] com.example.Application                  : Starting Application on MacBook.local with PID 21944 (/Users/qiguangshu/Documents/word/java/GraduationDesign/MovieTicketBookingAndPurchaseManagementSystem/target/classes started by qiguangshu in /Users/qiguangshu/Documents/word/java/GraduationDesign/MovieTicketBookingAndPurchaseManagementSystem)
2024-06-22 23:18:37.233  INFO 21944 --- [main] com.example.Application                  : No active profile set, falling back to default profiles: default
2024-06-22 23:18:37.977  WARN 21944 --- [main] o.m.s.mapper.ClassPathMapperScanner      : No MyBatis mapper was found in '[com.example]' package. Please check your configuration.
2024-06-22 23:18:38.690  INFO 21944 --- [main] o.s.b.w.embedded.tomcat.TomcatWebServer  : Tomcat initialized with port(s): 8888 (http)
2024-06-22 23:18:38.707  INFO 21944 --- [main] o.apache.catalina.core.StandardService   : Starting service [Tomcat]
2024-06-22 23:18:38.708  INFO 21944 --- [main] org.apache.catalina.core.StandardEngine  : Starting Servlet Engine: Apache Tomcat/9.0.12
2024-06-22 23:18:38.715  INFO 21944 --- [main] o.a.catalina.core.AprLifecycleListener   : The APR based Apache Tomcat Native library which allows optimal performance in production environments was not found on the java.library.path: [/Users/qiguangshu/Library/Java/Extensions:/Library/Java/Extensions:/Network/Library/Java/Extensions:/System/Library/Java/Extensions:/usr/lib/java:.]
2024-06-22 23:18:38.779  INFO 21944 --- [main] o.a.c.c.C.[Tomcat].[localhost].[/]       : Initializing Spring embedded WebApplicationContext
2024-06-22 23:18:38.779  INFO 21944 --- [main] o.s.web.context.ContextLoader            : Root WebApplicationContext: initialization completed in 1512 ms
2024-06-22 23:18:38.806  INFO 21944 --- [main] o.s.b.w.servlet.ServletRegistrationBean  : Servlet dispatcherServlet mapped to [/]
2024-06-22 23:18:38.809  INFO 21944 --- [main] o.s.b.w.servlet.FilterRegistrationBean   : Mapping filter: 'characterEncodingFilter' to: [/*]
2024-06-22 23:18:38.809  INFO 21944 --- [main] o.s.b.w.servlet.FilterRegistrationBean   : Mapping filter: 'hiddenHttpMethodFilter' to: [/*]
2024-06-22 23:18:38.809  INFO 21944 --- [main] o.s.b.w.servlet.FilterRegistrationBean   : Mapping filter: 'formContentFilter' to: [/*]
2024-06-22 23:18:38.810  INFO 21944 --- [main] o.s.b.w.servlet.FilterRegistrationBean   : Mapping filter: 'requestContextFilter' to: [/*]
2024-06-22 23:18:40.039  INFO 21944 --- [main] o.s.s.concurrent.ThreadPoolTaskExecutor  : Initializing ExecutorService 'applicationTaskExecutor'
2024-06-22 23:18:40.329  INFO 21944 --- [main] o.s.b.w.embedded.tomcat.TomcatWebServer  : Tomcat started on port(s): 8888 (http) with context path ''
2024-06-22 23:18:40.331  INFO 21944 --- [main] com.example.Application                  : Started Application in 3.431 seconds (JVM running for 4.046)
2024-06-22 23:18:40.333  WARN 21944 --- [main] com.example.Application                  : 项目启动后请访问：http://localhost:8888/front/index.html
2024-06-22 23:18:57.154  INFO 21944 --- [http-nio-8888-exec-1] o.a.c.c.C.[Tomcat].[localhost].[/]       : Initializing Spring DispatcherServlet 'dispatcherServlet'
2024-06-22 23:18:57.158  INFO 21944 --- [http-nio-8888-exec-1] o.s.web.servlet.DispatcherServlet        : Initializing Servlet 'dispatcherServlet'
2024-06-22 23:18:57.167  INFO 21944 --- [http-nio-8888-exec-1] o.s.web.servlet.DispatcherServlet        : Completed initialization in 9 ms
2024-06-22 23:18:57.537  INFO 21944 --- [http-nio-8888-exec-10] com.zaxxer.hikari.HikariDataSource       : HikariPool-1 - Starting...
2024-06-22 23:18:58.720 ERROR 21944 --- [http-nio-8888-exec-10] com.zaxxer.hikari.pool.HikariPool        : HikariPool-1 - Exception during pool initialization.

java.sql.SQLException: Access denied for user 'root'@'localhost' (using password: YES)
	at com.mysql.jdbc.SQLError.createSQLException(SQLError.java:965) ~[mysql-connector-java-5.1.46.jar:5.1.46]
	at com.mysql.jdbc.MysqlIO.checkErrorPacket(MysqlIO.java:3976) ~[mysql-connector-java-5.1.46.jar:5.1.46]
	at com.mysql.jdbc.MysqlIO.checkErrorPacket(MysqlIO.java:3912) ~[mysql-connector-java-5.1.46.jar:5.1.46]
	at com.mysql.jdbc.MysqlIO.checkErrorPacket(MysqlIO.java:871) ~[mysql-connector-java-5.1.46.jar:5.1.46]
	at com.mysql.jdbc.MysqlIO.proceedHandshakeWithPluggableAuthentication(MysqlIO.java:1714) ~[mysql-connector-java-5.1.46.jar:5.1.46]
	at com.mysql.jdbc.MysqlIO.doHandshake(MysqlIO.java:1224) ~[mysql-connector-java-5.1.46.jar:5.1.46]
	at com.mysql.jdbc.ConnectionImpl.coreConnect(ConnectionImpl.java:2190) ~[mysql-connector-java-5.1.46.jar:5.1.46]
	at com.mysql.jdbc.ConnectionImpl.connectOneTryOnly(ConnectionImpl.java:2221) ~[mysql-connector-java-5.1.46.jar:5.1.46]
	at com.mysql.jdbc.ConnectionImpl.createNewIO(ConnectionImpl.java:2016) ~[mysql-connector-java-5.1.46.jar:5.1.46]
	at com.mysql.jdbc.ConnectionImpl.<init>(ConnectionImpl.java:776) ~[mysql-connector-java-5.1.46.jar:5.1.46]
	at com.mysql.jdbc.JDBC4Connection.<init>(JDBC4Connection.java:47) ~[mysql-connector-java-5.1.46.jar:5.1.46]
	at sun.reflect.NativeConstructorAccessorImpl.newInstance0(Native Method) ~[na:1.8.0_351]
	at sun.reflect.NativeConstructorAccessorImpl.newInstance(NativeConstructorAccessorImpl.java:62) ~[na:1.8.0_351]
	at sun.reflect.DelegatingConstructorAccessorImpl.newInstance(DelegatingConstructorAccessorImpl.java:45) ~[na:1.8.0_351]
	at java.lang.reflect.Constructor.newInstance(Constructor.java:423) ~[na:1.8.0_351]
	at com.mysql.jdbc.Util.handleNewInstance(Util.java:425) ~[mysql-connector-java-5.1.46.jar:5.1.46]
	at com.mysql.jdbc.ConnectionImpl.getInstance(ConnectionImpl.java:386) ~[mysql-connector-java-5.1.46.jar:5.1.46]
	at com.mysql.jdbc.NonRegisteringDriver.connect(NonRegisteringDriver.java:330) ~[mysql-connector-java-5.1.46.jar:5.1.46]
	at com.zaxxer.hikari.util.DriverDataSource.getConnection(DriverDataSource.java:136) ~[HikariCP-3.2.0.jar:na]
	at com.zaxxer.hikari.pool.PoolBase.newConnection(PoolBase.java:369) ~[HikariCP-3.2.0.jar:na]
	at com.zaxxer.hikari.pool.PoolBase.newPoolEntry(PoolBase.java:198) ~[HikariCP-3.2.0.jar:na]
	at com.zaxxer.hikari.pool.HikariPool.createPoolEntry(HikariPool.java:467) [HikariCP-3.2.0.jar:na]
	at com.zaxxer.hikari.pool.HikariPool.checkFailFast(HikariPool.java:541) [HikariCP-3.2.0.jar:na]
	at com.zaxxer.hikari.pool.HikariPool.<init>(HikariPool.java:115) [HikariCP-3.2.0.jar:na]
	at com.zaxxer.hikari.HikariDataSource.getConnection(HikariDataSource.java:112) [HikariCP-3.2.0.jar:na]
	at org.springframework.jdbc.datasource.DataSourceUtils.fetchConnection(DataSourceUtils.java:151) [spring-jdbc-5.1.2.RELEASE.jar:5.1.2.RELEASE]
	at org.springframework.jdbc.datasource.DataSourceUtils.doGetConnection(DataSourceUtils.java:115) [spring-jdbc-5.1.2.RELEASE.jar:5.1.2.RELEASE]
	at org.springframework.jdbc.datasource.DataSourceUtils.getConnection(DataSourceUtils.java:78) [spring-jdbc-5.1.2.RELEASE.jar:5.1.2.RELEASE]
	at org.mybatis.spring.transaction.SpringManagedTransaction.openConnection(SpringManagedTransaction.java:82) [mybatis-spring-1.3.2.jar:1.3.2]
	at org.mybatis.spring.transaction.SpringManagedTransaction.getConnection(SpringManagedTransaction.java:68) [mybatis-spring-1.3.2.jar:1.3.2]
	at org.apache.ibatis.executor.BaseExecutor.getConnection(BaseExecutor.java:338) [mybatis-3.4.6.jar:3.4.6]
	at org.apache.ibatis.executor.SimpleExecutor.prepareStatement(SimpleExecutor.java:84) [mybatis-3.4.6.jar:3.4.6]
	at org.apache.ibatis.executor.SimpleExecutor.doQuery(SimpleExecutor.java:62) [mybatis-3.4.6.jar:3.4.6]
	at org.apache.ibatis.executor.BaseExecutor.queryFromDatabase(BaseExecutor.java:326) [mybatis-3.4.6.jar:3.4.6]
	at org.apache.ibatis.executor.BaseExecutor.query(BaseExecutor.java:156) [mybatis-3.4.6.jar:3.4.6]
	at org.apache.ibatis.executor.CachingExecutor.query(CachingExecutor.java:109) [mybatis-3.4.6.jar:3.4.6]
	at com.github.pagehelper.PageInterceptor.intercept(PageInterceptor.java:108) [pagehelper-5.1.8.jar:na]
	at org.apache.ibatis.plugin.Plugin.invoke(Plugin.java:61) [mybatis-3.4.6.jar:3.4.6]
	at com.sun.proxy.$Proxy119.query(Unknown Source) [na:na]
	at org.apache.ibatis.session.defaults.DefaultSqlSession.selectList(DefaultSqlSession.java:148) [mybatis-3.4.6.jar:3.4.6]
	at org.apache.ibatis.session.defaults.DefaultSqlSession.selectList(DefaultSqlSession.java:141) [mybatis-3.4.6.jar:3.4.6]
	at sun.reflect.NativeMethodAccessorImpl.invoke0(Native Method) ~[na:1.8.0_351]
	at sun.reflect.NativeMethodAccessorImpl.invoke(NativeMethodAccessorImpl.java:62) ~[na:1.8.0_351]
	at sun.reflect.DelegatingMethodAccessorImpl.invoke(DelegatingMethodAccessorImpl.java:43) ~[na:1.8.0_351]
	at java.lang.reflect.Method.invoke(Method.java:498) ~[na:1.8.0_351]
	at org.mybatis.spring.SqlSessionTemplate$SqlSessionInterceptor.invoke(SqlSessionTemplate.java:433) [mybatis-spring-1.3.2.jar:1.3.2]
	at com.sun.proxy.$Proxy76.selectList(Unknown Source) [na:na]
	at org.mybatis.spring.SqlSessionTemplate.selectList(SqlSessionTemplate.java:230) [mybatis-spring-1.3.2.jar:1.3.2]
	at org.apache.ibatis.binding.MapperMethod.executeForMany(MapperMethod.java:139) [mybatis-3.4.6.jar:3.4.6]
	at org.apache.ibatis.binding.MapperMethod.execute(MapperMethod.java:76) [mybatis-3.4.6.jar:3.4.6]
	at org.apache.ibatis.binding.MapperProxy.invoke(MapperProxy.java:59) [mybatis-3.4.6.jar:3.4.6]
	at com.sun.proxy.$Proxy93.selectAll(Unknown Source) [na:na]
	at com.example.service.TypeInfoService.findAll(TypeInfoService.java:36) [classes/:na]
	at com.example.controller.TypeInfoController.all(TypeInfoController.java:65) [classes/:na]
	at sun.reflect.NativeMethodAccessorImpl.invoke0(Native Method) ~[na:1.8.0_351]
	at sun.reflect.NativeMethodAccessorImpl.invoke(NativeMethodAccessorImpl.java:62) ~[na:1.8.0_351]
	at sun.reflect.DelegatingMethodAccessorImpl.invoke(DelegatingMethodAccessorImpl.java:43) ~[na:1.8.0_351]
	at java.lang.reflect.Method.invoke(Method.java:498) ~[na:1.8.0_351]
	at org.springframework.web.method.support.InvocableHandlerMethod.doInvoke(InvocableHandlerMethod.java:215) [spring-web-5.1.2.RELEASE.jar:5.1.2.RELEASE]
	at org.springframework.web.method.support.InvocableHandlerMethod.invokeForRequest(InvocableHandlerMethod.java:142) [spring-web-5.1.2.RELEASE.jar:5.1.2.RELEASE]
	at org.springframework.web.servlet.mvc.method.annotation.ServletInvocableHandlerMethod.invokeAndHandle(ServletInvocableHandlerMethod.java:102) [spring-webmvc-5.1.2.RELEASE.jar:5.1.2.RELEASE]
	at org.springframework.web.servlet.mvc.method.annotation.RequestMappingHandlerAdapter.invokeHandlerMethod(RequestMappingHandlerAdapter.java:895) [spring-webmvc-5.1.2.RELEASE.jar:5.1.2.RELEASE]
	at org.springframework.web.servlet.mvc.method.annotation.RequestMappingHandlerAdapter.handleInternal(RequestMappingHandlerAdapter.java:800) [spring-webmvc-5.1.2.RELEASE.jar:5.1.2.RELEASE]
	at org.springframework.web.servlet.mvc.method.AbstractHandlerMethodAdapter.handle(AbstractHandlerMethodAdapter.java:87) [spring-webmvc-5.1.2.RELEASE.jar:5.1.2.RELEASE]
	at org.springframework.web.servlet.DispatcherServlet.doDispatch(DispatcherServlet.java:1038) [spring-webmvc-5.1.2.RELEASE.jar:5.1.2.RELEASE]
	at org.springframework.web.servlet.DispatcherServlet.doService(DispatcherServlet.java:942) [spring-webmvc-5.1.2.RELEASE.jar:5.1.2.RELEASE]
	at org.springframework.web.servlet.FrameworkServlet.processRequest(FrameworkServlet.java:998) [spring-webmvc-5.1.2.RELEASE.jar:5.1.2.RELEASE]
	at org.springframework.web.servlet.FrameworkServlet.doGet(FrameworkServlet.java:890) [spring-webmvc-5.1.2.RELEASE.jar:5.1.2.RELEASE]
	at javax.servlet.http.HttpServlet.service(HttpServlet.java:634) [tomcat-embed-core-9.0.12.jar:9.0.12]
	at org.springframework.web.servlet.FrameworkServlet.service(FrameworkServlet.java:875) [spring-webmvc-5.1.2.RELEASE.jar:5.1.2.RELEASE]
	at javax.servlet.http.HttpServlet.service(HttpServlet.java:741) [tomcat-embed-core-9.0.12.jar:9.0.12]
	at org.apache.catalina.core.ApplicationFilterChain.internalDoFilter(ApplicationFilterChain.java:231) [tomcat-embed-core-9.0.12.jar:9.0.12]
	at org.apache.catalina.core.ApplicationFilterChain.doFilter(ApplicationFilterChain.java:166) [tomcat-embed-core-9.0.12.jar:9.0.12]
	at org.apache.tomcat.websocket.server.WsFilter.doFilter(WsFilter.java:53) [tomcat-embed-websocket-9.0.12.jar:9.0.12]
	at org.apache.catalina.core.ApplicationFilterChain.internalDoFilter(ApplicationFilterChain.java:193) [tomcat-embed-core-9.0.12.jar:9.0.12]
	at org.apache.catalina.core.ApplicationFilterChain.doFilter(ApplicationFilterChain.java:166) [tomcat-embed-core-9.0.12.jar:9.0.12]
	at org.springframework.web.filter.RequestContextFilter.doFilterInternal(RequestContextFilter.java:99) [spring-web-5.1.2.RELEASE.jar:5.1.2.RELEASE]
	at org.springframework.web.filter.OncePerRequestFilter.doFilter(OncePerRequestFilter.java:107) [spring-web-5.1.2.RELEASE.jar:5.1.2.RELEASE]
	at org.apache.catalina.core.ApplicationFilterChain.internalDoFilter(ApplicationFilterChain.java:193) [tomcat-embed-core-9.0.12.jar:9.0.12]
	at org.apache.catalina.core.ApplicationFilterChain.doFilter(ApplicationFilterChain.java:166) [tomcat-embed-core-9.0.12.jar:9.0.12]
	at org.springframework.web.filter.FormContentFilter.doFilterInternal(FormContentFilter.java:92) [spring-web-5.1.2.RELEASE.jar:5.1.2.RELEASE]
	at org.springframework.web.filter.OncePerRequestFilter.doFilter(OncePerRequestFilter.java:107) [spring-web-5.1.2.RELEASE.jar:5.1.2.RELEASE]
	at org.apache.catalina.core.ApplicationFilterChain.internalDoFilter(ApplicationFilterChain.java:193) [tomcat-embed-core-9.0.12.jar:9.0.12]
	at org.apache.catalina.core.ApplicationFilterChain.doFilter(ApplicationFilterChain.java:166) [tomcat-embed-core-9.0.12.jar:9.0.12]
	at org.springframework.web.filter.HiddenHttpMethodFilter.doFilterInternal(HiddenHttpMethodFilter.java:93) [spring-web-5.1.2.RELEASE.jar:5.1.2.RELEASE]
	at org.springframework.web.filter.OncePerRequestFilter.doFilter(OncePerRequestFilter.java:107) [spring-web-5.1.2.RELEASE.jar:5.1.2.RELEASE]
	at org.apache.catalina.core.ApplicationFilterChain.internalDoFilter(ApplicationFilterChain.java:193) [tomcat-embed-core-9.0.12.jar:9.0.12]
	at org.apache.catalina.core.ApplicationFilterChain.doFilter(ApplicationFilterChain.java:166) [tomcat-embed-core-9.0.12.jar:9.0.12]
	at org.springframework.web.filter.CharacterEncodingFilter.doFilterInternal(CharacterEncodingFilter.java:200) [spring-web-5.1.2.RELEASE.jar:5.1.2.RELEASE]
	at org.springframework.web.filter.OncePerRequestFilter.doFilter(OncePerRequestFilter.java:107) [spring-web-5.1.2.RELEASE.jar:5.1.2.RELEASE]
	at org.apache.catalina.core.ApplicationFilterChain.internalDoFilter(ApplicationFilterChain.java:193) [tomcat-embed-core-9.0.12.jar:9.0.12]
	at org.apache.catalina.core.ApplicationFilterChain.doFilter(ApplicationFilterChain.java:166) [tomcat-embed-core-9.0.12.jar:9.0.12]
	at org.apache.catalina.core.StandardWrapperValve.invoke(StandardWrapperValve.java:199) [tomcat-embed-core-9.0.12.jar:9.0.12]
	at org.apache.catalina.core.StandardContextValve.invoke(StandardContextValve.java:96) [tomcat-embed-core-9.0.12.jar:9.0.12]
	at org.apache.catalina.authenticator.AuthenticatorBase.invoke(AuthenticatorBase.java:490) [tomcat-embed-core-9.0.12.jar:9.0.12]
	at org.apache.catalina.core.StandardHostValve.invoke(StandardHostValve.java:139) [tomcat-embed-core-9.0.12.jar:9.0.12]
	at org.apache.catalina.valves.ErrorReportValve.invoke(ErrorReportValve.java:92) [tomcat-embed-core-9.0.12.jar:9.0.12]
	at org.apache.catalina.core.StandardEngineValve.invoke(StandardEngineValve.java:74) [tomcat-embed-core-9.0.12.jar:9.0.12]
	at org.apache.catalina.connector.CoyoteAdapter.service(CoyoteAdapter.java:343) [tomcat-embed-core-9.0.12.jar:9.0.12]
	at org.apache.coyote.http11.Http11Processor.service(Http11Processor.java:408) [tomcat-embed-core-9.0.12.jar:9.0.12]
	at org.apache.coyote.AbstractProcessorLight.process(AbstractProcessorLight.java:66) [tomcat-embed-core-9.0.12.jar:9.0.12]
	at org.apache.coyote.AbstractProtocol$ConnectionHandler.process(AbstractProtocol.java:770) [tomcat-embed-core-9.0.12.jar:9.0.12]
	at org.apache.tomcat.util.net.NioEndpoint$SocketProcessor.doRun(NioEndpoint.java:1415) [tomcat-embed-core-9.0.12.jar:9.0.12]
	at org.apache.tomcat.util.net.SocketProcessorBase.run(SocketProcessorBase.java:49) [tomcat-embed-core-9.0.12.jar:9.0.12]
	at java.util.concurrent.ThreadPoolExecutor.runWorker(ThreadPoolExecutor.java:1149) [na:1.8.0_351]
	at java.util.concurrent.ThreadPoolExecutor$Worker.run(ThreadPoolExecutor.java:624) [na:1.8.0_351]
	at org.apache.tomcat.util.threads.TaskThread$WrappingRunnable.run(TaskThread.java:61) [tomcat-embed-core-9.0.12.jar:9.0.12]
	at java.lang.Thread.run(Thread.java:750) [na:1.8.0_351]

2024-06-22 23:18:58.725  INFO 21944 --- [http-nio-8888-exec-5] com.zaxxer.hikari.HikariDataSource       : HikariPool-1 - Starting...
2024-06-22 23:18:58.755 ERROR 21944 --- [http-nio-8888-exec-10] c.e.exception.GlobalExceptionHandler     : 异常信息：

org.mybatis.spring.MyBatisSystemException: nested exception is org.apache.ibatis.exceptions.PersistenceException: 
### Error querying database.  Cause: org.springframework.jdbc.CannotGetJdbcConnectionException: Failed to obtain JDBC Connection; nested exception is java.sql.SQLException: Access denied for user 'root'@'localhost' (using password: YES)
### The error may exist in com/example/dao/TypeInfoDao.java (best guess)
### The error may involve com.example.dao.TypeInfoDao.selectAll
### The error occurred while executing a query
### Cause: org.springframework.jdbc.CannotGetJdbcConnectionException: Failed to obtain JDBC Connection; nested exception is java.sql.SQLException: Access denied for user 'root'@'localhost' (using password: YES)
	at org.mybatis.spring.MyBatisExceptionTranslator.translateExceptionIfPossible(MyBatisExceptionTranslator.java:77) ~[mybatis-spring-1.3.2.jar:1.3.2]
	at org.mybatis.spring.SqlSessionTemplate$SqlSessionInterceptor.invoke(SqlSessionTemplate.java:446) ~[mybatis-spring-1.3.2.jar:1.3.2]
	at com.sun.proxy.$Proxy76.selectList(Unknown Source) ~[na:na]
	at org.mybatis.spring.SqlSessionTemplate.selectList(SqlSessionTemplate.java:230) ~[mybatis-spring-1.3.2.jar:1.3.2]
	at org.apache.ibatis.binding.MapperMethod.executeForMany(MapperMethod.java:139) ~[mybatis-3.4.6.jar:3.4.6]
	at org.apache.ibatis.binding.MapperMethod.execute(MapperMethod.java:76) ~[mybatis-3.4.6.jar:3.4.6]
	at org.apache.ibatis.binding.MapperProxy.invoke(MapperProxy.java:59) ~[mybatis-3.4.6.jar:3.4.6]
	at com.sun.proxy.$Proxy93.selectAll(Unknown Source) ~[na:na]
	at com.example.service.TypeInfoService.findAll(TypeInfoService.java:36) ~[classes/:na]
	at com.example.controller.TypeInfoController.all(TypeInfoController.java:65) ~[classes/:na]
	at sun.reflect.NativeMethodAccessorImpl.invoke0(Native Method) ~[na:1.8.0_351]
	at sun.reflect.NativeMethodAccessorImpl.invoke(NativeMethodAccessorImpl.java:62) ~[na:1.8.0_351]
	at sun.reflect.DelegatingMethodAccessorImpl.invoke(DelegatingMethodAccessorImpl.java:43) ~[na:1.8.0_351]
	at java.lang.reflect.Method.invoke(Method.java:498) ~[na:1.8.0_351]
	at org.springframework.web.method.support.InvocableHandlerMethod.doInvoke(InvocableHandlerMethod.java:215) ~[spring-web-5.1.2.RELEASE.jar:5.1.2.RELEASE]
	at org.springframework.web.method.support.InvocableHandlerMethod.invokeForRequest(InvocableHandlerMethod.java:142) ~[spring-web-5.1.2.RELEASE.jar:5.1.2.RELEASE]
	at org.springframework.web.servlet.mvc.method.annotation.ServletInvocableHandlerMethod.invokeAndHandle(ServletInvocableHandlerMethod.java:102) ~[spring-webmvc-5.1.2.RELEASE.jar:5.1.2.RELEASE]
	at org.springframework.web.servlet.mvc.method.annotation.RequestMappingHandlerAdapter.invokeHandlerMethod(RequestMappingHandlerAdapter.java:895) ~[spring-webmvc-5.1.2.RELEASE.jar:5.1.2.RELEASE]
	at org.springframework.web.servlet.mvc.method.annotation.RequestMappingHandlerAdapter.handleInternal(RequestMappingHandlerAdapter.java:800) ~[spring-webmvc-5.1.2.RELEASE.jar:5.1.2.RELEASE]
	at org.springframework.web.servlet.mvc.method.AbstractHandlerMethodAdapter.handle(AbstractHandlerMethodAdapter.java:87) ~[spring-webmvc-5.1.2.RELEASE.jar:5.1.2.RELEASE]
	at org.springframework.web.servlet.DispatcherServlet.doDispatch(DispatcherServlet.java:1038) ~[spring-webmvc-5.1.2.RELEASE.jar:5.1.2.RELEASE]
	at org.springframework.web.servlet.DispatcherServlet.doService(DispatcherServlet.java:942) ~[spring-webmvc-5.1.2.RELEASE.jar:5.1.2.RELEASE]
	at org.springframework.web.servlet.FrameworkServlet.processRequest(FrameworkServlet.java:998) [spring-webmvc-5.1.2.RELEASE.jar:5.1.2.RELEASE]
	at org.springframework.web.servlet.FrameworkServlet.doGet(FrameworkServlet.java:890) [spring-webmvc-5.1.2.RELEASE.jar:5.1.2.RELEASE]
	at javax.servlet.http.HttpServlet.service(HttpServlet.java:634) [tomcat-embed-core-9.0.12.jar:9.0.12]
	at org.springframework.web.servlet.FrameworkServlet.service(FrameworkServlet.java:875) [spring-webmvc-5.1.2.RELEASE.jar:5.1.2.RELEASE]
	at javax.servlet.http.HttpServlet.service(HttpServlet.java:741) [tomcat-embed-core-9.0.12.jar:9.0.12]
	at org.apache.catalina.core.ApplicationFilterChain.internalDoFilter(ApplicationFilterChain.java:231) [tomcat-embed-core-9.0.12.jar:9.0.12]
	at org.apache.catalina.core.ApplicationFilterChain.doFilter(ApplicationFilterChain.java:166) [tomcat-embed-core-9.0.12.jar:9.0.12]
	at org.apache.tomcat.websocket.server.WsFilter.doFilter(WsFilter.java:53) [tomcat-embed-websocket-9.0.12.jar:9.0.12]
	at org.apache.catalina.core.ApplicationFilterChain.internalDoFilter(ApplicationFilterChain.java:193) [tomcat-embed-core-9.0.12.jar:9.0.12]
	at org.apache.catalina.core.ApplicationFilterChain.doFilter(ApplicationFilterChain.java:166) [tomcat-embed-core-9.0.12.jar:9.0.12]
	at org.springframework.web.filter.RequestContextFilter.doFilterInternal(RequestContextFilter.java:99) [spring-web-5.1.2.RELEASE.jar:5.1.2.RELEASE]
	at org.springframework.web.filter.OncePerRequestFilter.doFilter(OncePerRequestFilter.java:107) [spring-web-5.1.2.RELEASE.jar:5.1.2.RELEASE]
	at org.apache.catalina.core.ApplicationFilterChain.internalDoFilter(ApplicationFilterChain.java:193) [tomcat-embed-core-9.0.12.jar:9.0.12]
	at org.apache.catalina.core.ApplicationFilterChain.doFilter(ApplicationFilterChain.java:166) [tomcat-embed-core-9.0.12.jar:9.0.12]
	at org.springframework.web.filter.FormContentFilter.doFilterInternal(FormContentFilter.java:92) [spring-web-5.1.2.RELEASE.jar:5.1.2.RELEASE]
	at org.springframework.web.filter.OncePerRequestFilter.doFilter(OncePerRequestFilter.java:107) [spring-web-5.1.2.RELEASE.jar:5.1.2.RELEASE]
	at org.apache.catalina.core.ApplicationFilterChain.internalDoFilter(ApplicationFilterChain.java:193) [tomcat-embed-core-9.0.12.jar:9.0.12]
	at org.apache.catalina.core.ApplicationFilterChain.doFilter(ApplicationFilterChain.java:166) [tomcat-embed-core-9.0.12.jar:9.0.12]
	at org.springframework.web.filter.HiddenHttpMethodFilter.doFilterInternal(HiddenHttpMethodFilter.java:93) [spring-web-5.1.2.RELEASE.jar:5.1.2.RELEASE]
	at org.springframework.web.filter.OncePerRequestFilter.doFilter(OncePerRequestFilter.java:107) [spring-web-5.1.2.RELEASE.jar:5.1.2.RELEASE]
	at org.apache.catalina.core.ApplicationFilterChain.internalDoFilter(ApplicationFilterChain.java:193) [tomcat-embed-core-9.0.12.jar:9.0.12]
	at org.apache.catalina.core.ApplicationFilterChain.doFilter(ApplicationFilterChain.java:166) [tomcat-embed-core-9.0.12.jar:9.0.12]
	at org.springframework.web.filter.CharacterEncodingFilter.doFilterInternal(CharacterEncodingFilter.java:200) [spring-web-5.1.2.RELEASE.jar:5.1.2.RELEASE]
	at org.springframework.web.filter.OncePerRequestFilter.doFilter(OncePerRequestFilter.java:107) [spring-web-5.1.2.RELEASE.jar:5.1.2.RELEASE]
	at org.apache.catalina.core.ApplicationFilterChain.internalDoFilter(ApplicationFilterChain.java:193) [tomcat-embed-core-9.0.12.jar:9.0.12]
	at org.apache.catalina.core.ApplicationFilterChain.doFilter(ApplicationFilterChain.java:166) [tomcat-embed-core-9.0.12.jar:9.0.12]
	at org.apache.catalina.core.StandardWrapperValve.invoke(StandardWrapperValve.java:199) [tomcat-embed-core-9.0.12.jar:9.0.12]
	at org.apache.catalina.core.StandardContextValve.invoke(StandardContextValve.java:96) [tomcat-embed-core-9.0.12.jar:9.0.12]
	at org.apache.catalina.authenticator.AuthenticatorBase.invoke(AuthenticatorBase.java:490) [tomcat-embed-core-9.0.12.jar:9.0.12]
	at org.apache.catalina.core.StandardHostValve.invoke(StandardHostValve.java:139) [tomcat-embed-core-9.0.12.jar:9.0.12]
	at org.apache.catalina.valves.ErrorReportValve.invoke(ErrorReportValve.java:92) [tomcat-embed-core-9.0.12.jar:9.0.12]
	at org.apache.catalina.core.StandardEngineValve.invoke(StandardEngineValve.java:74) [tomcat-embed-core-9.0.12.jar:9.0.12]
	at org.apache.catalina.connector.CoyoteAdapter.service(CoyoteAdapter.java:343) [tomcat-embed-core-9.0.12.jar:9.0.12]
	at org.apache.coyote.http11.Http11Processor.service(Http11Processor.java:408) [tomcat-embed-core-9.0.12.jar:9.0.12]
	at org.apache.coyote.AbstractProcessorLight.process(AbstractProcessorLight.java:66) [tomcat-embed-core-9.0.12.jar:9.0.12]
	at org.apache.coyote.AbstractProtocol$ConnectionHandler.process(AbstractProtocol.java:770) [tomcat-embed-core-9.0.12.jar:9.0.12]
	at org.apache.tomcat.util.net.NioEndpoint$SocketProcessor.doRun(NioEndpoint.java:1415) [tomcat-embed-core-9.0.12.jar:9.0.12]
	at org.apache.tomcat.util.net.SocketProcessorBase.run(SocketProcessorBase.java:49) [tomcat-embed-core-9.0.12.jar:9.0.12]
	at java.util.concurrent.ThreadPoolExecutor.runWorker(ThreadPoolExecutor.java:1149) [na:1.8.0_351]
	at java.util.concurrent.ThreadPoolExecutor$Worker.run(ThreadPoolExecutor.java:624) [na:1.8.0_351]
	at org.apache.tomcat.util.threads.TaskThread$WrappingRunnable.run(TaskThread.java:61) [tomcat-embed-core-9.0.12.jar:9.0.12]
	at java.lang.Thread.run(Thread.java:750) [na:1.8.0_351]
Caused by: org.apache.ibatis.exceptions.PersistenceException: 
### Error querying database.  Cause: org.springframework.jdbc.CannotGetJdbcConnectionException: Failed to obtain JDBC Connection; nested exception is java.sql.SQLException: Access denied for user 'root'@'localhost' (using password: YES)
### The error may exist in com/example/dao/TypeInfoDao.java (best guess)
### The error may involve com.example.dao.TypeInfoDao.selectAll
### The error occurred while executing a query
### Cause: org.springframework.jdbc.CannotGetJdbcConnectionException: Failed to obtain JDBC Connection; nested exception is java.sql.SQLException: Access denied for user 'root'@'localhost' (using password: YES)
	at org.apache.ibatis.exceptions.ExceptionFactory.wrapException(ExceptionFactory.java:30) ~[mybatis-3.4.6.jar:3.4.6]
	at org.apache.ibatis.session.defaults.DefaultSqlSession.selectList(DefaultSqlSession.java:150) ~[mybatis-3.4.6.jar:3.4.6]
	at org.apache.ibatis.session.defaults.DefaultSqlSession.selectList(DefaultSqlSession.java:141) ~[mybatis-3.4.6.jar:3.4.6]
	at sun.reflect.NativeMethodAccessorImpl.invoke0(Native Method) ~[na:1.8.0_351]
	at sun.reflect.NativeMethodAccessorImpl.invoke(NativeMethodAccessorImpl.java:62) ~[na:1.8.0_351]
	at sun.reflect.DelegatingMethodAccessorImpl.invoke(DelegatingMethodAccessorImpl.java:43) ~[na:1.8.0_351]
	at java.lang.reflect.Method.invoke(Method.java:498) ~[na:1.8.0_351]
	at org.mybatis.spring.SqlSessionTemplate$SqlSessionInterceptor.invoke(SqlSessionTemplate.java:433) ~[mybatis-spring-1.3.2.jar:1.3.2]
	... 62 common frames omitted
Caused by: org.springframework.jdbc.CannotGetJdbcConnectionException: Failed to obtain JDBC Connection; nested exception is java.sql.SQLException: Access denied for user 'root'@'localhost' (using password: YES)
	at org.springframework.jdbc.datasource.DataSourceUtils.getConnection(DataSourceUtils.java:81) ~[spring-jdbc-5.1.2.RELEASE.jar:5.1.2.RELEASE]
	at org.mybatis.spring.transaction.SpringManagedTransaction.openConnection(SpringManagedTransaction.java:82) ~[mybatis-spring-1.3.2.jar:1.3.2]
	at org.mybatis.spring.transaction.SpringManagedTransaction.getConnection(SpringManagedTransaction.java:68) ~[mybatis-spring-1.3.2.jar:1.3.2]
	at org.apache.ibatis.executor.BaseExecutor.getConnection(BaseExecutor.java:338) ~[mybatis-3.4.6.jar:3.4.6]
	at org.apache.ibatis.executor.SimpleExecutor.prepareStatement(SimpleExecutor.java:84) ~[mybatis-3.4.6.jar:3.4.6]
	at org.apache.ibatis.executor.SimpleExecutor.doQuery(SimpleExecutor.java:62) ~[mybatis-3.4.6.jar:3.4.6]
	at org.apache.ibatis.executor.BaseExecutor.queryFromDatabase(BaseExecutor.java:326) ~[mybatis-3.4.6.jar:3.4.6]
	at org.apache.ibatis.executor.BaseExecutor.query(BaseExecutor.java:156) ~[mybatis-3.4.6.jar:3.4.6]
	at org.apache.ibatis.executor.CachingExecutor.query(CachingExecutor.java:109) ~[mybatis-3.4.6.jar:3.4.6]
	at com.github.pagehelper.PageInterceptor.intercept(PageInterceptor.java:108) ~[pagehelper-5.1.8.jar:na]
	at org.apache.ibatis.plugin.Plugin.invoke(Plugin.java:61) ~[mybatis-3.4.6.jar:3.4.6]
	at com.sun.proxy.$Proxy119.query(Unknown Source) ~[na:na]
	at org.apache.ibatis.session.defaults.DefaultSqlSession.selectList(DefaultSqlSession.java:148) ~[mybatis-3.4.6.jar:3.4.6]
	... 68 common frames omitted
Caused by: java.sql.SQLException: Access denied for user 'root'@'localhost' (using password: YES)
	at com.mysql.jdbc.SQLError.createSQLException(SQLError.java:965) ~[mysql-connector-java-5.1.46.jar:5.1.46]
	at com.mysql.jdbc.MysqlIO.checkErrorPacket(MysqlIO.java:3976) ~[mysql-connector-java-5.1.46.jar:5.1.46]
	at com.mysql.jdbc.MysqlIO.checkErrorPacket(MysqlIO.java:3912) ~[mysql-connector-java-5.1.46.jar:5.1.46]
	at com.mysql.jdbc.MysqlIO.checkErrorPacket(MysqlIO.java:871) ~[mysql-connector-java-5.1.46.jar:5.1.46]
	at com.mysql.jdbc.MysqlIO.proceedHandshakeWithPluggableAuthentication(MysqlIO.java:1714) ~[mysql-connector-java-5.1.46.jar:5.1.46]
	at com.mysql.jdbc.MysqlIO.doHandshake(MysqlIO.java:1224) ~[mysql-connector-java-5.1.46.jar:5.1.46]
	at com.mysql.jdbc.ConnectionImpl.coreConnect(ConnectionImpl.java:2190) ~[mysql-connector-java-5.1.46.jar:5.1.46]
	at com.mysql.jdbc.ConnectionImpl.connectOneTryOnly(ConnectionImpl.java:2221) ~[mysql-connector-java-5.1.46.jar:5.1.46]
	at com.mysql.jdbc.ConnectionImpl.createNewIO(ConnectionImpl.java:2016) ~[mysql-connector-java-5.1.46.jar:5.1.46]
	at com.mysql.jdbc.ConnectionImpl.<init>(ConnectionImpl.java:776) ~[mysql-connector-java-5.1.46.jar:5.1.46]
	at com.mysql.jdbc.JDBC4Connection.<init>(JDBC4Connection.java:47) ~[mysql-connector-java-5.1.46.jar:5.1.46]
	at sun.reflect.NativeConstructorAccessorImpl.newInstance0(Native Method) ~[na:1.8.0_351]
	at sun.reflect.NativeConstructorAccessorImpl.newInstance(NativeConstructorAccessorImpl.java:62) ~[na:1.8.0_351]
	at sun.reflect.DelegatingConstructorAccessorImpl.newInstance(DelegatingConstructorAccessorImpl.java:45) ~[na:1.8.0_351]
	at java.lang.reflect.Constructor.newInstance(Constructor.java:423) ~[na:1.8.0_351]
	at com.mysql.jdbc.Util.handleNewInstance(Util.java:425) ~[mysql-connector-java-5.1.46.jar:5.1.46]
	at com.mysql.jdbc.ConnectionImpl.getInstance(ConnectionImpl.java:386) ~[mysql-connector-java-5.1.46.jar:5.1.46]
	at com.mysql.jdbc.NonRegisteringDriver.connect(NonRegisteringDriver.java:330) ~[mysql-connector-java-5.1.46.jar:5.1.46]
	at com.zaxxer.hikari.util.DriverDataSource.getConnection(DriverDataSource.java:136) ~[HikariCP-3.2.0.jar:na]
	at com.zaxxer.hikari.pool.PoolBase.newConnection(PoolBase.java:369) ~[HikariCP-3.2.0.jar:na]
	at com.zaxxer.hikari.pool.PoolBase.newPoolEntry(PoolBase.java:198) ~[HikariCP-3.2.0.jar:na]
	at com.zaxxer.hikari.pool.HikariPool.createPoolEntry(HikariPool.java:467) ~[HikariCP-3.2.0.jar:na]
	at com.zaxxer.hikari.pool.HikariPool.checkFailFast(HikariPool.java:541) ~[HikariCP-3.2.0.jar:na]
	at com.zaxxer.hikari.pool.HikariPool.<init>(HikariPool.java:115) ~[HikariCP-3.2.0.jar:na]
	at com.zaxxer.hikari.HikariDataSource.getConnection(HikariDataSource.java:112) ~[HikariCP-3.2.0.jar:na]
	at org.springframework.jdbc.datasource.DataSourceUtils.fetchConnection(DataSourceUtils.java:151) ~[spring-jdbc-5.1.2.RELEASE.jar:5.1.2.RELEASE]
	at org.springframework.jdbc.datasource.DataSourceUtils.doGetConnection(DataSourceUtils.java:115) ~[spring-jdbc-5.1.2.RELEASE.jar:5.1.2.RELEASE]
	at org.springframework.jdbc.datasource.DataSourceUtils.getConnection(DataSourceUtils.java:78) ~[spring-jdbc-5.1.2.RELEASE.jar:5.1.2.RELEASE]
	... 80 common frames omitted

2024-06-22 23:18:59.784 ERROR 21944 --- [http-nio-8888-exec-5] com.zaxxer.hikari.pool.HikariPool        : HikariPool-1 - Exception during pool initialization.

java.sql.SQLException: Access denied for user 'root'@'localhost' (using password: YES)
	at com.mysql.jdbc.SQLError.createSQLException(SQLError.java:965) ~[mysql-connector-java-5.1.46.jar:5.1.46]
	at com.mysql.jdbc.MysqlIO.checkErrorPacket(MysqlIO.java:3976) ~[mysql-connector-java-5.1.46.jar:5.1.46]
	at com.mysql.jdbc.MysqlIO.checkErrorPacket(MysqlIO.java:3912) ~[mysql-connector-java-5.1.46.jar:5.1.46]
	at com.mysql.jdbc.MysqlIO.checkErrorPacket(MysqlIO.java:871) ~[mysql-connector-java-5.1.46.jar:5.1.46]
	at com.mysql.jdbc.MysqlIO.proceedHandshakeWithPluggableAuthentication(MysqlIO.java:1714) ~[mysql-connector-java-5.1.46.jar:5.1.46]
	at com.mysql.jdbc.MysqlIO.doHandshake(MysqlIO.java:1224) ~[mysql-connector-java-5.1.46.jar:5.1.46]
	at com.mysql.jdbc.ConnectionImpl.coreConnect(ConnectionImpl.java:2190) ~[mysql-connector-java-5.1.46.jar:5.1.46]
	at com.mysql.jdbc.ConnectionImpl.connectOneTryOnly(ConnectionImpl.java:2221) ~[mysql-connector-java-5.1.46.jar:5.1.46]
	at com.mysql.jdbc.ConnectionImpl.createNewIO(ConnectionImpl.java:2016) ~[mysql-connector-java-5.1.46.jar:5.1.46]
	at com.mysql.jdbc.ConnectionImpl.<init>(ConnectionImpl.java:776) ~[mysql-connector-java-5.1.46.jar:5.1.46]
	at com.mysql.jdbc.JDBC4Connection.<init>(JDBC4Connection.java:47) ~[mysql-connector-java-5.1.46.jar:5.1.46]
	at sun.reflect.NativeConstructorAccessorImpl.newInstance0(Native Method) ~[na:1.8.0_351]
	at sun.reflect.NativeConstructorAccessorImpl.newInstance(NativeConstructorAccessorImpl.java:62) ~[na:1.8.0_351]
	at sun.reflect.DelegatingConstructorAccessorImpl.newInstance(DelegatingConstructorAccessorImpl.java:45) ~[na:1.8.0_351]
	at java.lang.reflect.Constructor.newInstance(Constructor.java:423) ~[na:1.8.0_351]
	at com.mysql.jdbc.Util.handleNewInstance(Util.java:425) ~[mysql-connector-java-5.1.46.jar:5.1.46]
	at com.mysql.jdbc.ConnectionImpl.getInstance(ConnectionImpl.java:386) ~[mysql-connector-java-5.1.46.jar:5.1.46]
	at com.mysql.jdbc.NonRegisteringDriver.connect(NonRegisteringDriver.java:330) ~[mysql-connector-java-5.1.46.jar:5.1.46]
	at com.zaxxer.hikari.util.DriverDataSource.getConnection(DriverDataSource.java:136) ~[HikariCP-3.2.0.jar:na]
	at com.zaxxer.hikari.pool.PoolBase.newConnection(PoolBase.java:369) ~[HikariCP-3.2.0.jar:na]
	at com.zaxxer.hikari.pool.PoolBase.newPoolEntry(PoolBase.java:198) ~[HikariCP-3.2.0.jar:na]
	at com.zaxxer.hikari.pool.HikariPool.createPoolEntry(HikariPool.java:467) [HikariCP-3.2.0.jar:na]
	at com.zaxxer.hikari.pool.HikariPool.checkFailFast(HikariPool.java:541) [HikariCP-3.2.0.jar:na]
	at com.zaxxer.hikari.pool.HikariPool.<init>(HikariPool.java:115) [HikariCP-3.2.0.jar:na]
	at com.zaxxer.hikari.HikariDataSource.getConnection(HikariDataSource.java:112) [HikariCP-3.2.0.jar:na]
	at org.springframework.jdbc.datasource.DataSourceUtils.fetchConnection(DataSourceUtils.java:151) [spring-jdbc-5.1.2.RELEASE.jar:5.1.2.RELEASE]
	at org.springframework.jdbc.datasource.DataSourceUtils.doGetConnection(DataSourceUtils.java:115) [spring-jdbc-5.1.2.RELEASE.jar:5.1.2.RELEASE]
	at org.springframework.jdbc.datasource.DataSourceUtils.getConnection(DataSourceUtils.java:78) [spring-jdbc-5.1.2.RELEASE.jar:5.1.2.RELEASE]
	at org.mybatis.spring.transaction.SpringManagedTransaction.openConnection(SpringManagedTransaction.java:82) [mybatis-spring-1.3.2.jar:1.3.2]
	at org.mybatis.spring.transaction.SpringManagedTransaction.getConnection(SpringManagedTransaction.java:68) [mybatis-spring-1.3.2.jar:1.3.2]
	at org.apache.ibatis.executor.BaseExecutor.getConnection(BaseExecutor.java:338) [mybatis-3.4.6.jar:3.4.6]
	at org.apache.ibatis.executor.SimpleExecutor.prepareStatement(SimpleExecutor.java:84) [mybatis-3.4.6.jar:3.4.6]
	at org.apache.ibatis.executor.SimpleExecutor.doQuery(SimpleExecutor.java:62) [mybatis-3.4.6.jar:3.4.6]
	at org.apache.ibatis.executor.BaseExecutor.queryFromDatabase(BaseExecutor.java:326) [mybatis-3.4.6.jar:3.4.6]
	at org.apache.ibatis.executor.BaseExecutor.query(BaseExecutor.java:156) [mybatis-3.4.6.jar:3.4.6]
	at org.apache.ibatis.executor.CachingExecutor.query(CachingExecutor.java:109) [mybatis-3.4.6.jar:3.4.6]
	at com.github.pagehelper.util.ExecutorUtil.executeAutoCount(ExecutorUtil.java:138) [pagehelper-5.1.8.jar:na]
	at com.github.pagehelper.PageInterceptor.count(PageInterceptor.java:148) [pagehelper-5.1.8.jar:na]
	at com.github.pagehelper.PageInterceptor.intercept(PageInterceptor.java:97) [pagehelper-5.1.8.jar:na]
	at org.apache.ibatis.plugin.Plugin.invoke(Plugin.java:61) [mybatis-3.4.6.jar:3.4.6]
	at com.sun.proxy.$Proxy119.query(Unknown Source) [na:na]
	at org.apache.ibatis.session.defaults.DefaultSqlSession.selectList(DefaultSqlSession.java:148) [mybatis-3.4.6.jar:3.4.6]
	at org.apache.ibatis.session.defaults.DefaultSqlSession.selectList(DefaultSqlSession.java:141) [mybatis-3.4.6.jar:3.4.6]
	at sun.reflect.NativeMethodAccessorImpl.invoke0(Native Method) ~[na:1.8.0_351]
	at sun.reflect.NativeMethodAccessorImpl.invoke(NativeMethodAccessorImpl.java:62) ~[na:1.8.0_351]
	at sun.reflect.DelegatingMethodAccessorImpl.invoke(DelegatingMethodAccessorImpl.java:43) ~[na:1.8.0_351]
	at java.lang.reflect.Method.invoke(Method.java:498) ~[na:1.8.0_351]
	at org.mybatis.spring.SqlSessionTemplate$SqlSessionInterceptor.invoke(SqlSessionTemplate.java:433) [mybatis-spring-1.3.2.jar:1.3.2]
	at com.sun.proxy.$Proxy76.selectList(Unknown Source) [na:na]
	at org.mybatis.spring.SqlSessionTemplate.selectList(SqlSessionTemplate.java:230) [mybatis-spring-1.3.2.jar:1.3.2]
	at org.apache.ibatis.binding.MapperMethod.executeForMany(MapperMethod.java:139) [mybatis-3.4.6.jar:3.4.6]
	at org.apache.ibatis.binding.MapperMethod.execute(MapperMethod.java:76) [mybatis-3.4.6.jar:3.4.6]
	at org.apache.ibatis.binding.MapperProxy.invoke(MapperProxy.java:59) [mybatis-3.4.6.jar:3.4.6]
	at com.sun.proxy.$Proxy92.findHotSalesGoods(Unknown Source) [na:na]
	at com.example.service.GoodsInfoService.findHotSalesGoods(GoodsInfoService.java:135) [classes/:na]
	at com.example.controller.GoodsInfoController.sales(GoodsInfoController.java:89) [classes/:na]
	at sun.reflect.NativeMethodAccessorImpl.invoke0(Native Method) ~[na:1.8.0_351]
	at sun.reflect.NativeMethodAccessorImpl.invoke(NativeMethodAccessorImpl.java:62) ~[na:1.8.0_351]
	at sun.reflect.DelegatingMethodAccessorImpl.invoke(DelegatingMethodAccessorImpl.java:43) ~[na:1.8.0_351]
	at java.lang.reflect.Method.invoke(Method.java:498) ~[na:1.8.0_351]
	at org.springframework.web.method.support.InvocableHandlerMethod.doInvoke(InvocableHandlerMethod.java:215) [spring-web-5.1.2.RELEASE.jar:5.1.2.RELEASE]
	at org.springframework.web.method.support.InvocableHandlerMethod.invokeForRequest(InvocableHandlerMethod.java:142) [spring-web-5.1.2.RELEASE.jar:5.1.2.RELEASE]
	at org.springframework.web.servlet.mvc.method.annotation.ServletInvocableHandlerMethod.invokeAndHandle(ServletInvocableHandlerMethod.java:102) [spring-webmvc-5.1.2.RELEASE.jar:5.1.2.RELEASE]
	at org.springframework.web.servlet.mvc.method.annotation.RequestMappingHandlerAdapter.invokeHandlerMethod(RequestMappingHandlerAdapter.java:895) [spring-webmvc-5.1.2.RELEASE.jar:5.1.2.RELEASE]
	at org.springframework.web.servlet.mvc.method.annotation.RequestMappingHandlerAdapter.handleInternal(RequestMappingHandlerAdapter.java:800) [spring-webmvc-5.1.2.RELEASE.jar:5.1.2.RELEASE]
	at org.springframework.web.servlet.mvc.method.AbstractHandlerMethodAdapter.handle(AbstractHandlerMethodAdapter.java:87) [spring-webmvc-5.1.2.RELEASE.jar:5.1.2.RELEASE]
	at org.springframework.web.servlet.DispatcherServlet.doDispatch(DispatcherServlet.java:1038) [spring-webmvc-5.1.2.RELEASE.jar:5.1.2.RELEASE]
	at org.springframework.web.servlet.DispatcherServlet.doService(DispatcherServlet.java:942) [spring-webmvc-5.1.2.RELEASE.jar:5.1.2.RELEASE]
	at org.springframework.web.servlet.FrameworkServlet.processRequest(FrameworkServlet.java:998) [spring-webmvc-5.1.2.RELEASE.jar:5.1.2.RELEASE]
	at org.springframework.web.servlet.FrameworkServlet.doGet(FrameworkServlet.java:890) [spring-webmvc-5.1.2.RELEASE.jar:5.1.2.RELEASE]
	at javax.servlet.http.HttpServlet.service(HttpServlet.java:634) [tomcat-embed-core-9.0.12.jar:9.0.12]
	at org.springframework.web.servlet.FrameworkServlet.service(FrameworkServlet.java:875) [spring-webmvc-5.1.2.RELEASE.jar:5.1.2.RELEASE]
	at javax.servlet.http.HttpServlet.service(HttpServlet.java:741) [tomcat-embed-core-9.0.12.jar:9.0.12]
	at org.apache.catalina.core.ApplicationFilterChain.internalDoFilter(ApplicationFilterChain.java:231) [tomcat-embed-core-9.0.12.jar:9.0.12]
	at org.apache.catalina.core.ApplicationFilterChain.doFilter(ApplicationFilterChain.java:166) [tomcat-embed-core-9.0.12.jar:9.0.12]
	at org.apache.tomcat.websocket.server.WsFilter.doFilter(WsFilter.java:53) [tomcat-embed-websocket-9.0.12.jar:9.0.12]
	at org.apache.catalina.core.ApplicationFilterChain.internalDoFilter(ApplicationFilterChain.java:193) [tomcat-embed-core-9.0.12.jar:9.0.12]
	at org.apache.catalina.core.ApplicationFilterChain.doFilter(ApplicationFilterChain.java:166) [tomcat-embed-core-9.0.12.jar:9.0.12]
	at org.springframework.web.filter.RequestContextFilter.doFilterInternal(RequestContextFilter.java:99) [spring-web-5.1.2.RELEASE.jar:5.1.2.RELEASE]
	at org.springframework.web.filter.OncePerRequestFilter.doFilter(OncePerRequestFilter.java:107) [spring-web-5.1.2.RELEASE.jar:5.1.2.RELEASE]
	at org.apache.catalina.core.ApplicationFilterChain.internalDoFilter(ApplicationFilterChain.java:193) [tomcat-embed-core-9.0.12.jar:9.0.12]
	at org.apache.catalina.core.ApplicationFilterChain.doFilter(ApplicationFilterChain.java:166) [tomcat-embed-core-9.0.12.jar:9.0.12]
	at org.springframework.web.filter.FormContentFilter.doFilterInternal(FormContentFilter.java:92) [spring-web-5.1.2.RELEASE.jar:5.1.2.RELEASE]
	at org.springframework.web.filter.OncePerRequestFilter.doFilter(OncePerRequestFilter.java:107) [spring-web-5.1.2.RELEASE.jar:5.1.2.RELEASE]
	at org.apache.catalina.core.ApplicationFilterChain.internalDoFilter(ApplicationFilterChain.java:193) [tomcat-embed-core-9.0.12.jar:9.0.12]
	at org.apache.catalina.core.ApplicationFilterChain.doFilter(ApplicationFilterChain.java:166) [tomcat-embed-core-9.0.12.jar:9.0.12]
	at org.springframework.web.filter.HiddenHttpMethodFilter.doFilterInternal(HiddenHttpMethodFilter.java:93) [spring-web-5.1.2.RELEASE.jar:5.1.2.RELEASE]
	at org.springframework.web.filter.OncePerRequestFilter.doFilter(OncePerRequestFilter.java:107) [spring-web-5.1.2.RELEASE.jar:5.1.2.RELEASE]
	at org.apache.catalina.core.ApplicationFilterChain.internalDoFilter(ApplicationFilterChain.java:193) [tomcat-embed-core-9.0.12.jar:9.0.12]
	at org.apache.catalina.core.ApplicationFilterChain.doFilter(ApplicationFilterChain.java:166) [tomcat-embed-core-9.0.12.jar:9.0.12]
	at org.springframework.web.filter.CharacterEncodingFilter.doFilterInternal(CharacterEncodingFilter.java:200) [spring-web-5.1.2.RELEASE.jar:5.1.2.RELEASE]
	at org.springframework.web.filter.OncePerRequestFilter.doFilter(OncePerRequestFilter.java:107) [spring-web-5.1.2.RELEASE.jar:5.1.2.RELEASE]
	at org.apache.catalina.core.ApplicationFilterChain.internalDoFilter(ApplicationFilterChain.java:193) [tomcat-embed-core-9.0.12.jar:9.0.12]
	at org.apache.catalina.core.ApplicationFilterChain.doFilter(ApplicationFilterChain.java:166) [tomcat-embed-core-9.0.12.jar:9.0.12]
	at org.apache.catalina.core.StandardWrapperValve.invoke(StandardWrapperValve.java:199) [tomcat-embed-core-9.0.12.jar:9.0.12]
	at org.apache.catalina.core.StandardContextValve.invoke(StandardContextValve.java:96) [tomcat-embed-core-9.0.12.jar:9.0.12]
	at org.apache.catalina.authenticator.AuthenticatorBase.invoke(AuthenticatorBase.java:490) [tomcat-embed-core-9.0.12.jar:9.0.12]
	at org.apache.catalina.core.StandardHostValve.invoke(StandardHostValve.java:139) [tomcat-embed-core-9.0.12.jar:9.0.12]
	at org.apache.catalina.valves.ErrorReportValve.invoke(ErrorReportValve.java:92) [tomcat-embed-core-9.0.12.jar:9.0.12]
	at org.apache.catalina.core.StandardEngineValve.invoke(StandardEngineValve.java:74) [tomcat-embed-core-9.0.12.jar:9.0.12]
	at org.apache.catalina.connector.CoyoteAdapter.service(CoyoteAdapter.java:343) [tomcat-embed-core-9.0.12.jar:9.0.12]
	at org.apache.coyote.http11.Http11Processor.service(Http11Processor.java:408) [tomcat-embed-core-9.0.12.jar:9.0.12]
	at org.apache.coyote.AbstractProcessorLight.process(AbstractProcessorLight.java:66) [tomcat-embed-core-9.0.12.jar:9.0.12]
	at org.apache.coyote.AbstractProtocol$ConnectionHandler.process(AbstractProtocol.java:770) [tomcat-embed-core-9.0.12.jar:9.0.12]
	at org.apache.tomcat.util.net.NioEndpoint$SocketProcessor.doRun(NioEndpoint.java:1415) [tomcat-embed-core-9.0.12.jar:9.0.12]
	at org.apache.tomcat.util.net.SocketProcessorBase.run(SocketProcessorBase.java:49) [tomcat-embed-core-9.0.12.jar:9.0.12]
	at java.util.concurrent.ThreadPoolExecutor.runWorker(ThreadPoolExecutor.java:1149) [na:1.8.0_351]
	at java.util.concurrent.ThreadPoolExecutor$Worker.run(ThreadPoolExecutor.java:624) [na:1.8.0_351]
	at org.apache.tomcat.util.threads.TaskThread$WrappingRunnable.run(TaskThread.java:61) [tomcat-embed-core-9.0.12.jar:9.0.12]
	at java.lang.Thread.run(Thread.java:750) [na:1.8.0_351]

2024-06-22 23:18:59.789  INFO 21944 --- [http-nio-8888-exec-4] com.zaxxer.hikari.HikariDataSource       : HikariPool-1 - Starting...
2024-06-22 23:18:59.802 ERROR 21944 --- [http-nio-8888-exec-5] c.e.exception.GlobalExceptionHandler     : 异常信息：

org.mybatis.spring.MyBatisSystemException: nested exception is org.apache.ibatis.exceptions.PersistenceException: 
### Error querying database.  Cause: org.springframework.jdbc.CannotGetJdbcConnectionException: Failed to obtain JDBC Connection; nested exception is java.sql.SQLException: Access denied for user 'root'@'localhost' (using password: YES)
### The error may exist in com/example/dao/GoodsInfoDao.java (best guess)
### The error may involve com.example.dao.GoodsInfoDao.findHotSalesGoods_COUNT
### The error occurred while executing a query
### Cause: org.springframework.jdbc.CannotGetJdbcConnectionException: Failed to obtain JDBC Connection; nested exception is java.sql.SQLException: Access denied for user 'root'@'localhost' (using password: YES)
	at org.mybatis.spring.MyBatisExceptionTranslator.translateExceptionIfPossible(MyBatisExceptionTranslator.java:77) ~[mybatis-spring-1.3.2.jar:1.3.2]
	at org.mybatis.spring.SqlSessionTemplate$SqlSessionInterceptor.invoke(SqlSessionTemplate.java:446) ~[mybatis-spring-1.3.2.jar:1.3.2]
	at com.sun.proxy.$Proxy76.selectList(Unknown Source) ~[na:na]
	at org.mybatis.spring.SqlSessionTemplate.selectList(SqlSessionTemplate.java:230) ~[mybatis-spring-1.3.2.jar:1.3.2]
	at org.apache.ibatis.binding.MapperMethod.executeForMany(MapperMethod.java:139) ~[mybatis-3.4.6.jar:3.4.6]
	at org.apache.ibatis.binding.MapperMethod.execute(MapperMethod.java:76) ~[mybatis-3.4.6.jar:3.4.6]
	at org.apache.ibatis.binding.MapperProxy.invoke(MapperProxy.java:59) ~[mybatis-3.4.6.jar:3.4.6]
	at com.sun.proxy.$Proxy92.findHotSalesGoods(Unknown Source) ~[na:na]
	at com.example.service.GoodsInfoService.findHotSalesGoods(GoodsInfoService.java:135) ~[classes/:na]
	at com.example.controller.GoodsInfoController.sales(GoodsInfoController.java:89) ~[classes/:na]
	at sun.reflect.NativeMethodAccessorImpl.invoke0(Native Method) ~[na:1.8.0_351]
	at sun.reflect.NativeMethodAccessorImpl.invoke(NativeMethodAccessorImpl.java:62) ~[na:1.8.0_351]
	at sun.reflect.DelegatingMethodAccessorImpl.invoke(DelegatingMethodAccessorImpl.java:43) ~[na:1.8.0_351]
	at java.lang.reflect.Method.invoke(Method.java:498) ~[na:1.8.0_351]
	at org.springframework.web.method.support.InvocableHandlerMethod.doInvoke(InvocableHandlerMethod.java:215) ~[spring-web-5.1.2.RELEASE.jar:5.1.2.RELEASE]
	at org.springframework.web.method.support.InvocableHandlerMethod.invokeForRequest(InvocableHandlerMethod.java:142) ~[spring-web-5.1.2.RELEASE.jar:5.1.2.RELEASE]
	at org.springframework.web.servlet.mvc.method.annotation.ServletInvocableHandlerMethod.invokeAndHandle(ServletInvocableHandlerMethod.java:102) ~[spring-webmvc-5.1.2.RELEASE.jar:5.1.2.RELEASE]
	at org.springframework.web.servlet.mvc.method.annotation.RequestMappingHandlerAdapter.invokeHandlerMethod(RequestMappingHandlerAdapter.java:895) ~[spring-webmvc-5.1.2.RELEASE.jar:5.1.2.RELEASE]
	at org.springframework.web.servlet.mvc.method.annotation.RequestMappingHandlerAdapter.handleInternal(RequestMappingHandlerAdapter.java:800) ~[spring-webmvc-5.1.2.RELEASE.jar:5.1.2.RELEASE]
	at org.springframework.web.servlet.mvc.method.AbstractHandlerMethodAdapter.handle(AbstractHandlerMethodAdapter.java:87) ~[spring-webmvc-5.1.2.RELEASE.jar:5.1.2.RELEASE]
	at org.springframework.web.servlet.DispatcherServlet.doDispatch(DispatcherServlet.java:1038) ~[spring-webmvc-5.1.2.RELEASE.jar:5.1.2.RELEASE]
	at org.springframework.web.servlet.DispatcherServlet.doService(DispatcherServlet.java:942) ~[spring-webmvc-5.1.2.RELEASE.jar:5.1.2.RELEASE]
	at org.springframework.web.servlet.FrameworkServlet.processRequest(FrameworkServlet.java:998) [spring-webmvc-5.1.2.RELEASE.jar:5.1.2.RELEASE]
	at org.springframework.web.servlet.FrameworkServlet.doGet(FrameworkServlet.java:890) [spring-webmvc-5.1.2.RELEASE.jar:5.1.2.RELEASE]
	at javax.servlet.http.HttpServlet.service(HttpServlet.java:634) [tomcat-embed-core-9.0.12.jar:9.0.12]
	at org.springframework.web.servlet.FrameworkServlet.service(FrameworkServlet.java:875) [spring-webmvc-5.1.2.RELEASE.jar:5.1.2.RELEASE]
	at javax.servlet.http.HttpServlet.service(HttpServlet.java:741) [tomcat-embed-core-9.0.12.jar:9.0.12]
	at org.apache.catalina.core.ApplicationFilterChain.internalDoFilter(ApplicationFilterChain.java:231) [tomcat-embed-core-9.0.12.jar:9.0.12]
	at org.apache.catalina.core.ApplicationFilterChain.doFilter(ApplicationFilterChain.java:166) [tomcat-embed-core-9.0.12.jar:9.0.12]
	at org.apache.tomcat.websocket.server.WsFilter.doFilter(WsFilter.java:53) [tomcat-embed-websocket-9.0.12.jar:9.0.12]
	at org.apache.catalina.core.ApplicationFilterChain.internalDoFilter(ApplicationFilterChain.java:193) [tomcat-embed-core-9.0.12.jar:9.0.12]
	at org.apache.catalina.core.ApplicationFilterChain.doFilter(ApplicationFilterChain.java:166) [tomcat-embed-core-9.0.12.jar:9.0.12]
	at org.springframework.web.filter.RequestContextFilter.doFilterInternal(RequestContextFilter.java:99) [spring-web-5.1.2.RELEASE.jar:5.1.2.RELEASE]
	at org.springframework.web.filter.OncePerRequestFilter.doFilter(OncePerRequestFilter.java:107) [spring-web-5.1.2.RELEASE.jar:5.1.2.RELEASE]
	at org.apache.catalina.core.ApplicationFilterChain.internalDoFilter(ApplicationFilterChain.java:193) [tomcat-embed-core-9.0.12.jar:9.0.12]
	at org.apache.catalina.core.ApplicationFilterChain.doFilter(ApplicationFilterChain.java:166) [tomcat-embed-core-9.0.12.jar:9.0.12]
	at org.springframework.web.filter.FormContentFilter.doFilterInternal(FormContentFilter.java:92) [spring-web-5.1.2.RELEASE.jar:5.1.2.RELEASE]
	at org.springframework.web.filter.OncePerRequestFilter.doFilter(OncePerRequestFilter.java:107) [spring-web-5.1.2.RELEASE.jar:5.1.2.RELEASE]
	at org.apache.catalina.core.ApplicationFilterChain.internalDoFilter(ApplicationFilterChain.java:193) [tomcat-embed-core-9.0.12.jar:9.0.12]
	at org.apache.catalina.core.ApplicationFilterChain.doFilter(ApplicationFilterChain.java:166) [tomcat-embed-core-9.0.12.jar:9.0.12]
	at org.springframework.web.filter.HiddenHttpMethodFilter.doFilterInternal(HiddenHttpMethodFilter.java:93) [spring-web-5.1.2.RELEASE.jar:5.1.2.RELEASE]
	at org.springframework.web.filter.OncePerRequestFilter.doFilter(OncePerRequestFilter.java:107) [spring-web-5.1.2.RELEASE.jar:5.1.2.RELEASE]
	at org.apache.catalina.core.ApplicationFilterChain.internalDoFilter(ApplicationFilterChain.java:193) [tomcat-embed-core-9.0.12.jar:9.0.12]
	at org.apache.catalina.core.ApplicationFilterChain.doFilter(ApplicationFilterChain.java:166) [tomcat-embed-core-9.0.12.jar:9.0.12]
	at org.springframework.web.filter.CharacterEncodingFilter.doFilterInternal(CharacterEncodingFilter.java:200) [spring-web-5.1.2.RELEASE.jar:5.1.2.RELEASE]
	at org.springframework.web.filter.OncePerRequestFilter.doFilter(OncePerRequestFilter.java:107) [spring-web-5.1.2.RELEASE.jar:5.1.2.RELEASE]
	at org.apache.catalina.core.ApplicationFilterChain.internalDoFilter(ApplicationFilterChain.java:193) [tomcat-embed-core-9.0.12.jar:9.0.12]
	at org.apache.catalina.core.ApplicationFilterChain.doFilter(ApplicationFilterChain.java:166) [tomcat-embed-core-9.0.12.jar:9.0.12]
	at org.apache.catalina.core.StandardWrapperValve.invoke(StandardWrapperValve.java:199) [tomcat-embed-core-9.0.12.jar:9.0.12]
	at org.apache.catalina.core.StandardContextValve.invoke(StandardContextValve.java:96) [tomcat-embed-core-9.0.12.jar:9.0.12]
	at org.apache.catalina.authenticator.AuthenticatorBase.invoke(AuthenticatorBase.java:490) [tomcat-embed-core-9.0.12.jar:9.0.12]
	at org.apache.catalina.core.StandardHostValve.invoke(StandardHostValve.java:139) [tomcat-embed-core-9.0.12.jar:9.0.12]
	at org.apache.catalina.valves.ErrorReportValve.invoke(ErrorReportValve.java:92) [tomcat-embed-core-9.0.12.jar:9.0.12]
	at org.apache.catalina.core.StandardEngineValve.invoke(StandardEngineValve.java:74) [tomcat-embed-core-9.0.12.jar:9.0.12]
	at org.apache.catalina.connector.CoyoteAdapter.service(CoyoteAdapter.java:343) [tomcat-embed-core-9.0.12.jar:9.0.12]
	at org.apache.coyote.http11.Http11Processor.service(Http11Processor.java:408) [tomcat-embed-core-9.0.12.jar:9.0.12]
	at org.apache.coyote.AbstractProcessorLight.process(AbstractProcessorLight.java:66) [tomcat-embed-core-9.0.12.jar:9.0.12]
	at org.apache.coyote.AbstractProtocol$ConnectionHandler.process(AbstractProtocol.java:770) [tomcat-embed-core-9.0.12.jar:9.0.12]
	at org.apache.tomcat.util.net.NioEndpoint$SocketProcessor.doRun(NioEndpoint.java:1415) [tomcat-embed-core-9.0.12.jar:9.0.12]
	at org.apache.tomcat.util.net.SocketProcessorBase.run(SocketProcessorBase.java:49) [tomcat-embed-core-9.0.12.jar:9.0.12]
	at java.util.concurrent.ThreadPoolExecutor.runWorker(ThreadPoolExecutor.java:1149) [na:1.8.0_351]
	at java.util.concurrent.ThreadPoolExecutor$Worker.run(ThreadPoolExecutor.java:624) [na:1.8.0_351]
	at org.apache.tomcat.util.threads.TaskThread$WrappingRunnable.run(TaskThread.java:61) [tomcat-embed-core-9.0.12.jar:9.0.12]
	at java.lang.Thread.run(Thread.java:750) [na:1.8.0_351]
Caused by: org.apache.ibatis.exceptions.PersistenceException: 
### Error querying database.  Cause: org.springframework.jdbc.CannotGetJdbcConnectionException: Failed to obtain JDBC Connection; nested exception is java.sql.SQLException: Access denied for user 'root'@'localhost' (using password: YES)
### The error may exist in com/example/dao/GoodsInfoDao.java (best guess)
### The error may involve com.example.dao.GoodsInfoDao.findHotSalesGoods_COUNT
### The error occurred while executing a query
### Cause: org.springframework.jdbc.CannotGetJdbcConnectionException: Failed to obtain JDBC Connection; nested exception is java.sql.SQLException: Access denied for user 'root'@'localhost' (using password: YES)
	at org.apache.ibatis.exceptions.ExceptionFactory.wrapException(ExceptionFactory.java:30) ~[mybatis-3.4.6.jar:3.4.6]
	at org.apache.ibatis.session.defaults.DefaultSqlSession.selectList(DefaultSqlSession.java:150) ~[mybatis-3.4.6.jar:3.4.6]
	at org.apache.ibatis.session.defaults.DefaultSqlSession.selectList(DefaultSqlSession.java:141) ~[mybatis-3.4.6.jar:3.4.6]
	at sun.reflect.NativeMethodAccessorImpl.invoke0(Native Method) ~[na:1.8.0_351]
	at sun.reflect.NativeMethodAccessorImpl.invoke(NativeMethodAccessorImpl.java:62) ~[na:1.8.0_351]
	at sun.reflect.DelegatingMethodAccessorImpl.invoke(DelegatingMethodAccessorImpl.java:43) ~[na:1.8.0_351]
	at java.lang.reflect.Method.invoke(Method.java:498) ~[na:1.8.0_351]
	at org.mybatis.spring.SqlSessionTemplate$SqlSessionInterceptor.invoke(SqlSessionTemplate.java:433) ~[mybatis-spring-1.3.2.jar:1.3.2]
	... 62 common frames omitted
Caused by: org.springframework.jdbc.CannotGetJdbcConnectionException: Failed to obtain JDBC Connection; nested exception is java.sql.SQLException: Access denied for user 'root'@'localhost' (using password: YES)
	at org.springframework.jdbc.datasource.DataSourceUtils.getConnection(DataSourceUtils.java:81) ~[spring-jdbc-5.1.2.RELEASE.jar:5.1.2.RELEASE]
	at org.mybatis.spring.transaction.SpringManagedTransaction.openConnection(SpringManagedTransaction.java:82) ~[mybatis-spring-1.3.2.jar:1.3.2]
	at org.mybatis.spring.transaction.SpringManagedTransaction.getConnection(SpringManagedTransaction.java:68) ~[mybatis-spring-1.3.2.jar:1.3.2]
	at org.apache.ibatis.executor.BaseExecutor.getConnection(BaseExecutor.java:338) ~[mybatis-3.4.6.jar:3.4.6]
	at org.apache.ibatis.executor.SimpleExecutor.prepareStatement(SimpleExecutor.java:84) ~[mybatis-3.4.6.jar:3.4.6]
	at org.apache.ibatis.executor.SimpleExecutor.doQuery(SimpleExecutor.java:62) ~[mybatis-3.4.6.jar:3.4.6]
	at org.apache.ibatis.executor.BaseExecutor.queryFromDatabase(BaseExecutor.java:326) ~[mybatis-3.4.6.jar:3.4.6]
	at org.apache.ibatis.executor.BaseExecutor.query(BaseExecutor.java:156) ~[mybatis-3.4.6.jar:3.4.6]
	at org.apache.ibatis.executor.CachingExecutor.query(CachingExecutor.java:109) ~[mybatis-3.4.6.jar:3.4.6]
	at com.github.pagehelper.util.ExecutorUtil.executeAutoCount(ExecutorUtil.java:138) ~[pagehelper-5.1.8.jar:na]
	at com.github.pagehelper.PageInterceptor.count(PageInterceptor.java:148) ~[pagehelper-5.1.8.jar:na]
	at com.github.pagehelper.PageInterceptor.intercept(PageInterceptor.java:97) ~[pagehelper-5.1.8.jar:na]
	at org.apache.ibatis.plugin.Plugin.invoke(Plugin.java:61) ~[mybatis-3.4.6.jar:3.4.6]
	at com.sun.proxy.$Proxy119.query(Unknown Source) ~[na:na]
	at org.apache.ibatis.session.defaults.DefaultSqlSession.selectList(DefaultSqlSession.java:148) ~[mybatis-3.4.6.jar:3.4.6]
	... 68 common frames omitted
Caused by: java.sql.SQLException: Access denied for user 'root'@'localhost' (using password: YES)
	at com.mysql.jdbc.SQLError.createSQLException(SQLError.java:965) ~[mysql-connector-java-5.1.46.jar:5.1.46]
	at com.mysql.jdbc.MysqlIO.checkErrorPacket(MysqlIO.java:3976) ~[mysql-connector-java-5.1.46.jar:5.1.46]
	at com.mysql.jdbc.MysqlIO.checkErrorPacket(MysqlIO.java:3912) ~[mysql-connector-java-5.1.46.jar:5.1.46]
	at com.mysql.jdbc.MysqlIO.checkErrorPacket(MysqlIO.java:871) ~[mysql-connector-java-5.1.46.jar:5.1.46]
	at com.mysql.jdbc.MysqlIO.proceedHandshakeWithPluggableAuthentication(MysqlIO.java:1714) ~[mysql-connector-java-5.1.46.jar:5.1.46]
	at com.mysql.jdbc.MysqlIO.doHandshake(MysqlIO.java:1224) ~[mysql-connector-java-5.1.46.jar:5.1.46]
	at com.mysql.jdbc.ConnectionImpl.coreConnect(ConnectionImpl.java:2190) ~[mysql-connector-java-5.1.46.jar:5.1.46]
	at com.mysql.jdbc.ConnectionImpl.connectOneTryOnly(ConnectionImpl.java:2221) ~[mysql-connector-java-5.1.46.jar:5.1.46]
	at com.mysql.jdbc.ConnectionImpl.createNewIO(ConnectionImpl.java:2016) ~[mysql-connector-java-5.1.46.jar:5.1.46]
	at com.mysql.jdbc.ConnectionImpl.<init>(ConnectionImpl.java:776) ~[mysql-connector-java-5.1.46.jar:5.1.46]
	at com.mysql.jdbc.JDBC4Connection.<init>(JDBC4Connection.java:47) ~[mysql-connector-java-5.1.46.jar:5.1.46]
	at sun.reflect.NativeConstructorAccessorImpl.newInstance0(Native Method) ~[na:1.8.0_351]
	at sun.reflect.NativeConstructorAccessorImpl.newInstance(NativeConstructorAccessorImpl.java:62) ~[na:1.8.0_351]
	at sun.reflect.DelegatingConstructorAccessorImpl.newInstance(DelegatingConstructorAccessorImpl.java:45) ~[na:1.8.0_351]
	at java.lang.reflect.Constructor.newInstance(Constructor.java:423) ~[na:1.8.0_351]
	at com.mysql.jdbc.Util.handleNewInstance(Util.java:425) ~[mysql-connector-java-5.1.46.jar:5.1.46]
	at com.mysql.jdbc.ConnectionImpl.getInstance(ConnectionImpl.java:386) ~[mysql-connector-java-5.1.46.jar:5.1.46]
	at com.mysql.jdbc.NonRegisteringDriver.connect(NonRegisteringDriver.java:330) ~[mysql-connector-java-5.1.46.jar:5.1.46]
	at com.zaxxer.hikari.util.DriverDataSource.getConnection(DriverDataSource.java:136) ~[HikariCP-3.2.0.jar:na]
	at com.zaxxer.hikari.pool.PoolBase.newConnection(PoolBase.java:369) ~[HikariCP-3.2.0.jar:na]
	at com.zaxxer.hikari.pool.PoolBase.newPoolEntry(PoolBase.java:198) ~[HikariCP-3.2.0.jar:na]
	at com.zaxxer.hikari.pool.HikariPool.createPoolEntry(HikariPool.java:467) ~[HikariCP-3.2.0.jar:na]
	at com.zaxxer.hikari.pool.HikariPool.checkFailFast(HikariPool.java:541) ~[HikariCP-3.2.0.jar:na]
	at com.zaxxer.hikari.pool.HikariPool.<init>(HikariPool.java:115) ~[HikariCP-3.2.0.jar:na]
	at com.zaxxer.hikari.HikariDataSource.getConnection(HikariDataSource.java:112) ~[HikariCP-3.2.0.jar:na]
	at org.springframework.jdbc.datasource.DataSourceUtils.fetchConnection(DataSourceUtils.java:151) ~[spring-jdbc-5.1.2.RELEASE.jar:5.1.2.RELEASE]
	at org.springframework.jdbc.datasource.DataSourceUtils.doGetConnection(DataSourceUtils.java:115) ~[spring-jdbc-5.1.2.RELEASE.jar:5.1.2.RELEASE]
	at org.springframework.jdbc.datasource.DataSourceUtils.getConnection(DataSourceUtils.java:78) ~[spring-jdbc-5.1.2.RELEASE.jar:5.1.2.RELEASE]
	... 82 common frames omitted

2024-06-22 23:19:00.824 ERROR 21944 --- [http-nio-8888-exec-4] com.zaxxer.hikari.pool.HikariPool        : HikariPool-1 - Exception during pool initialization.

java.sql.SQLException: Access denied for user 'root'@'localhost' (using password: YES)
	at com.mysql.jdbc.SQLError.createSQLException(SQLError.java:965) ~[mysql-connector-java-5.1.46.jar:5.1.46]
	at com.mysql.jdbc.MysqlIO.checkErrorPacket(MysqlIO.java:3976) ~[mysql-connector-java-5.1.46.jar:5.1.46]
	at com.mysql.jdbc.MysqlIO.checkErrorPacket(MysqlIO.java:3912) ~[mysql-connector-java-5.1.46.jar:5.1.46]
	at com.mysql.jdbc.MysqlIO.checkErrorPacket(MysqlIO.java:871) ~[mysql-connector-java-5.1.46.jar:5.1.46]
	at com.mysql.jdbc.MysqlIO.proceedHandshakeWithPluggableAuthentication(MysqlIO.java:1714) ~[mysql-connector-java-5.1.46.jar:5.1.46]
	at com.mysql.jdbc.MysqlIO.doHandshake(MysqlIO.java:1224) ~[mysql-connector-java-5.1.46.jar:5.1.46]
	at com.mysql.jdbc.ConnectionImpl.coreConnect(ConnectionImpl.java:2190) ~[mysql-connector-java-5.1.46.jar:5.1.46]
	at com.mysql.jdbc.ConnectionImpl.connectOneTryOnly(ConnectionImpl.java:2221) ~[mysql-connector-java-5.1.46.jar:5.1.46]
	at com.mysql.jdbc.ConnectionImpl.createNewIO(ConnectionImpl.java:2016) ~[mysql-connector-java-5.1.46.jar:5.1.46]
	at com.mysql.jdbc.ConnectionImpl.<init>(ConnectionImpl.java:776) ~[mysql-connector-java-5.1.46.jar:5.1.46]
	at com.mysql.jdbc.JDBC4Connection.<init>(JDBC4Connection.java:47) ~[mysql-connector-java-5.1.46.jar:5.1.46]
	at sun.reflect.NativeConstructorAccessorImpl.newInstance0(Native Method) ~[na:1.8.0_351]
	at sun.reflect.NativeConstructorAccessorImpl.newInstance(NativeConstructorAccessorImpl.java:62) ~[na:1.8.0_351]
	at sun.reflect.DelegatingConstructorAccessorImpl.newInstance(DelegatingConstructorAccessorImpl.java:45) ~[na:1.8.0_351]
	at java.lang.reflect.Constructor.newInstance(Constructor.java:423) ~[na:1.8.0_351]
	at com.mysql.jdbc.Util.handleNewInstance(Util.java:425) ~[mysql-connector-java-5.1.46.jar:5.1.46]
	at com.mysql.jdbc.ConnectionImpl.getInstance(ConnectionImpl.java:386) ~[mysql-connector-java-5.1.46.jar:5.1.46]
	at com.mysql.jdbc.NonRegisteringDriver.connect(NonRegisteringDriver.java:330) ~[mysql-connector-java-5.1.46.jar:5.1.46]
	at com.zaxxer.hikari.util.DriverDataSource.getConnection(DriverDataSource.java:136) ~[HikariCP-3.2.0.jar:na]
	at com.zaxxer.hikari.pool.PoolBase.newConnection(PoolBase.java:369) ~[HikariCP-3.2.0.jar:na]
	at com.zaxxer.hikari.pool.PoolBase.newPoolEntry(PoolBase.java:198) ~[HikariCP-3.2.0.jar:na]
	at com.zaxxer.hikari.pool.HikariPool.createPoolEntry(HikariPool.java:467) [HikariCP-3.2.0.jar:na]
	at com.zaxxer.hikari.pool.HikariPool.checkFailFast(HikariPool.java:541) [HikariCP-3.2.0.jar:na]
	at com.zaxxer.hikari.pool.HikariPool.<init>(HikariPool.java:115) [HikariCP-3.2.0.jar:na]
	at com.zaxxer.hikari.HikariDataSource.getConnection(HikariDataSource.java:112) [HikariCP-3.2.0.jar:na]
	at org.springframework.jdbc.datasource.DataSourceUtils.fetchConnection(DataSourceUtils.java:151) [spring-jdbc-5.1.2.RELEASE.jar:5.1.2.RELEASE]
	at org.springframework.jdbc.datasource.DataSourceUtils.doGetConnection(DataSourceUtils.java:115) [spring-jdbc-5.1.2.RELEASE.jar:5.1.2.RELEASE]
	at org.springframework.jdbc.datasource.DataSourceUtils.getConnection(DataSourceUtils.java:78) [spring-jdbc-5.1.2.RELEASE.jar:5.1.2.RELEASE]
	at org.mybatis.spring.transaction.SpringManagedTransaction.openConnection(SpringManagedTransaction.java:82) [mybatis-spring-1.3.2.jar:1.3.2]
	at org.mybatis.spring.transaction.SpringManagedTransaction.getConnection(SpringManagedTransaction.java:68) [mybatis-spring-1.3.2.jar:1.3.2]
	at org.apache.ibatis.executor.BaseExecutor.getConnection(BaseExecutor.java:338) [mybatis-3.4.6.jar:3.4.6]
	at org.apache.ibatis.executor.SimpleExecutor.prepareStatement(SimpleExecutor.java:84) [mybatis-3.4.6.jar:3.4.6]
	at org.apache.ibatis.executor.SimpleExecutor.doQuery(SimpleExecutor.java:62) [mybatis-3.4.6.jar:3.4.6]
	at org.apache.ibatis.executor.BaseExecutor.queryFromDatabase(BaseExecutor.java:326) [mybatis-3.4.6.jar:3.4.6]
	at org.apache.ibatis.executor.BaseExecutor.query(BaseExecutor.java:156) [mybatis-3.4.6.jar:3.4.6]
	at org.apache.ibatis.executor.CachingExecutor.query(CachingExecutor.java:109) [mybatis-3.4.6.jar:3.4.6]
	at com.github.pagehelper.util.ExecutorUtil.executeAutoCount(ExecutorUtil.java:138) [pagehelper-5.1.8.jar:na]
	at com.github.pagehelper.PageInterceptor.count(PageInterceptor.java:148) [pagehelper-5.1.8.jar:na]
	at com.github.pagehelper.PageInterceptor.intercept(PageInterceptor.java:97) [pagehelper-5.1.8.jar:na]
	at org.apache.ibatis.plugin.Plugin.invoke(Plugin.java:61) [mybatis-3.4.6.jar:3.4.6]
	at com.sun.proxy.$Proxy119.query(Unknown Source) [na:na]
	at org.apache.ibatis.session.defaults.DefaultSqlSession.selectList(DefaultSqlSession.java:148) [mybatis-3.4.6.jar:3.4.6]
	at org.apache.ibatis.session.defaults.DefaultSqlSession.selectList(DefaultSqlSession.java:141) [mybatis-3.4.6.jar:3.4.6]
	at sun.reflect.NativeMethodAccessorImpl.invoke0(Native Method) ~[na:1.8.0_351]
	at sun.reflect.NativeMethodAccessorImpl.invoke(NativeMethodAccessorImpl.java:62) ~[na:1.8.0_351]
	at sun.reflect.DelegatingMethodAccessorImpl.invoke(DelegatingMethodAccessorImpl.java:43) ~[na:1.8.0_351]
	at java.lang.reflect.Method.invoke(Method.java:498) ~[na:1.8.0_351]
	at org.mybatis.spring.SqlSessionTemplate$SqlSessionInterceptor.invoke(SqlSessionTemplate.java:433) [mybatis-spring-1.3.2.jar:1.3.2]
	at com.sun.proxy.$Proxy76.selectList(Unknown Source) [na:na]
	at org.mybatis.spring.SqlSessionTemplate.selectList(SqlSessionTemplate.java:230) [mybatis-spring-1.3.2.jar:1.3.2]
	at org.apache.ibatis.binding.MapperMethod.executeForMany(MapperMethod.java:139) [mybatis-3.4.6.jar:3.4.6]
	at org.apache.ibatis.binding.MapperMethod.execute(MapperMethod.java:76) [mybatis-3.4.6.jar:3.4.6]
	at org.apache.ibatis.binding.MapperProxy.invoke(MapperProxy.java:59) [mybatis-3.4.6.jar:3.4.6]
	at com.sun.proxy.$Proxy92.findRecommendGoods(Unknown Source) [na:na]
	at com.example.service.GoodsInfoService.findRecommendGoods(GoodsInfoService.java:118) [classes/:na]
	at com.example.controller.GoodsInfoController.recommendGoods(GoodsInfoController.java:82) [classes/:na]
	at sun.reflect.NativeMethodAccessorImpl.invoke0(Native Method) ~[na:1.8.0_351]
	at sun.reflect.NativeMethodAccessorImpl.invoke(NativeMethodAccessorImpl.java:62) ~[na:1.8.0_351]
	at sun.reflect.DelegatingMethodAccessorImpl.invoke(DelegatingMethodAccessorImpl.java:43) ~[na:1.8.0_351]
	at java.lang.reflect.Method.invoke(Method.java:498) ~[na:1.8.0_351]
	at org.springframework.web.method.support.InvocableHandlerMethod.doInvoke(InvocableHandlerMethod.java:215) [spring-web-5.1.2.RELEASE.jar:5.1.2.RELEASE]
	at org.springframework.web.method.support.InvocableHandlerMethod.invokeForRequest(InvocableHandlerMethod.java:142) [spring-web-5.1.2.RELEASE.jar:5.1.2.RELEASE]
	at org.springframework.web.servlet.mvc.method.annotation.ServletInvocableHandlerMethod.invokeAndHandle(ServletInvocableHandlerMethod.java:102) [spring-webmvc-5.1.2.RELEASE.jar:5.1.2.RELEASE]
	at org.springframework.web.servlet.mvc.method.annotation.RequestMappingHandlerAdapter.invokeHandlerMethod(RequestMappingHandlerAdapter.java:895) [spring-webmvc-5.1.2.RELEASE.jar:5.1.2.RELEASE]
	at org.springframework.web.servlet.mvc.method.annotation.RequestMappingHandlerAdapter.handleInternal(RequestMappingHandlerAdapter.java:800) [spring-webmvc-5.1.2.RELEASE.jar:5.1.2.RELEASE]
	at org.springframework.web.servlet.mvc.method.AbstractHandlerMethodAdapter.handle(AbstractHandlerMethodAdapter.java:87) [spring-webmvc-5.1.2.RELEASE.jar:5.1.2.RELEASE]
	at org.springframework.web.servlet.DispatcherServlet.doDispatch(DispatcherServlet.java:1038) [spring-webmvc-5.1.2.RELEASE.jar:5.1.2.RELEASE]
	at org.springframework.web.servlet.DispatcherServlet.doService(DispatcherServlet.java:942) [spring-webmvc-5.1.2.RELEASE.jar:5.1.2.RELEASE]
	at org.springframework.web.servlet.FrameworkServlet.processRequest(FrameworkServlet.java:998) [spring-webmvc-5.1.2.RELEASE.jar:5.1.2.RELEASE]
	at org.springframework.web.servlet.FrameworkServlet.doGet(FrameworkServlet.java:890) [spring-webmvc-5.1.2.RELEASE.jar:5.1.2.RELEASE]
	at javax.servlet.http.HttpServlet.service(HttpServlet.java:634) [tomcat-embed-core-9.0.12.jar:9.0.12]
	at org.springframework.web.servlet.FrameworkServlet.service(FrameworkServlet.java:875) [spring-webmvc-5.1.2.RELEASE.jar:5.1.2.RELEASE]
	at javax.servlet.http.HttpServlet.service(HttpServlet.java:741) [tomcat-embed-core-9.0.12.jar:9.0.12]
	at org.apache.catalina.core.ApplicationFilterChain.internalDoFilter(ApplicationFilterChain.java:231) [tomcat-embed-core-9.0.12.jar:9.0.12]
	at org.apache.catalina.core.ApplicationFilterChain.doFilter(ApplicationFilterChain.java:166) [tomcat-embed-core-9.0.12.jar:9.0.12]
	at org.apache.tomcat.websocket.server.WsFilter.doFilter(WsFilter.java:53) [tomcat-embed-websocket-9.0.12.jar:9.0.12]
	at org.apache.catalina.core.ApplicationFilterChain.internalDoFilter(ApplicationFilterChain.java:193) [tomcat-embed-core-9.0.12.jar:9.0.12]
	at org.apache.catalina.core.ApplicationFilterChain.doFilter(ApplicationFilterChain.java:166) [tomcat-embed-core-9.0.12.jar:9.0.12]
	at org.springframework.web.filter.RequestContextFilter.doFilterInternal(RequestContextFilter.java:99) [spring-web-5.1.2.RELEASE.jar:5.1.2.RELEASE]
	at org.springframework.web.filter.OncePerRequestFilter.doFilter(OncePerRequestFilter.java:107) [spring-web-5.1.2.RELEASE.jar:5.1.2.RELEASE]
	at org.apache.catalina.core.ApplicationFilterChain.internalDoFilter(ApplicationFilterChain.java:193) [tomcat-embed-core-9.0.12.jar:9.0.12]
	at org.apache.catalina.core.ApplicationFilterChain.doFilter(ApplicationFilterChain.java:166) [tomcat-embed-core-9.0.12.jar:9.0.12]
	at org.springframework.web.filter.FormContentFilter.doFilterInternal(FormContentFilter.java:92) [spring-web-5.1.2.RELEASE.jar:5.1.2.RELEASE]
	at org.springframework.web.filter.OncePerRequestFilter.doFilter(OncePerRequestFilter.java:107) [spring-web-5.1.2.RELEASE.jar:5.1.2.RELEASE]
	at org.apache.catalina.core.ApplicationFilterChain.internalDoFilter(ApplicationFilterChain.java:193) [tomcat-embed-core-9.0.12.jar:9.0.12]
	at org.apache.catalina.core.ApplicationFilterChain.doFilter(ApplicationFilterChain.java:166) [tomcat-embed-core-9.0.12.jar:9.0.12]
	at org.springframework.web.filter.HiddenHttpMethodFilter.doFilterInternal(HiddenHttpMethodFilter.java:93) [spring-web-5.1.2.RELEASE.jar:5.1.2.RELEASE]
	at org.springframework.web.filter.OncePerRequestFilter.doFilter(OncePerRequestFilter.java:107) [spring-web-5.1.2.RELEASE.jar:5.1.2.RELEASE]
	at org.apache.catalina.core.ApplicationFilterChain.internalDoFilter(ApplicationFilterChain.java:193) [tomcat-embed-core-9.0.12.jar:9.0.12]
	at org.apache.catalina.core.ApplicationFilterChain.doFilter(ApplicationFilterChain.java:166) [tomcat-embed-core-9.0.12.jar:9.0.12]
	at org.springframework.web.filter.CharacterEncodingFilter.doFilterInternal(CharacterEncodingFilter.java:200) [spring-web-5.1.2.RELEASE.jar:5.1.2.RELEASE]
	at org.springframework.web.filter.OncePerRequestFilter.doFilter(OncePerRequestFilter.java:107) [spring-web-5.1.2.RELEASE.jar:5.1.2.RELEASE]
	at org.apache.catalina.core.ApplicationFilterChain.internalDoFilter(ApplicationFilterChain.java:193) [tomcat-embed-core-9.0.12.jar:9.0.12]
	at org.apache.catalina.core.ApplicationFilterChain.doFilter(ApplicationFilterChain.java:166) [tomcat-embed-core-9.0.12.jar:9.0.12]
	at org.apache.catalina.core.StandardWrapperValve.invoke(StandardWrapperValve.java:199) [tomcat-embed-core-9.0.12.jar:9.0.12]
	at org.apache.catalina.core.StandardContextValve.invoke(StandardContextValve.java:96) [tomcat-embed-core-9.0.12.jar:9.0.12]
	at org.apache.catalina.authenticator.AuthenticatorBase.invoke(AuthenticatorBase.java:490) [tomcat-embed-core-9.0.12.jar:9.0.12]
	at org.apache.catalina.core.StandardHostValve.invoke(StandardHostValve.java:139) [tomcat-embed-core-9.0.12.jar:9.0.12]
	at org.apache.catalina.valves.ErrorReportValve.invoke(ErrorReportValve.java:92) [tomcat-embed-core-9.0.12.jar:9.0.12]
	at org.apache.catalina.core.StandardEngineValve.invoke(StandardEngineValve.java:74) [tomcat-embed-core-9.0.12.jar:9.0.12]
	at org.apache.catalina.connector.CoyoteAdapter.service(CoyoteAdapter.java:343) [tomcat-embed-core-9.0.12.jar:9.0.12]
	at org.apache.coyote.http11.Http11Processor.service(Http11Processor.java:408) [tomcat-embed-core-9.0.12.jar:9.0.12]
	at org.apache.coyote.AbstractProcessorLight.process(AbstractProcessorLight.java:66) [tomcat-embed-core-9.0.12.jar:9.0.12]
	at org.apache.coyote.AbstractProtocol$ConnectionHandler.process(AbstractProtocol.java:770) [tomcat-embed-core-9.0.12.jar:9.0.12]
	at org.apache.tomcat.util.net.NioEndpoint$SocketProcessor.doRun(NioEndpoint.java:1415) [tomcat-embed-core-9.0.12.jar:9.0.12]
	at org.apache.tomcat.util.net.SocketProcessorBase.run(SocketProcessorBase.java:49) [tomcat-embed-core-9.0.12.jar:9.0.12]
	at java.util.concurrent.ThreadPoolExecutor.runWorker(ThreadPoolExecutor.java:1149) [na:1.8.0_351]
	at java.util.concurrent.ThreadPoolExecutor$Worker.run(ThreadPoolExecutor.java:624) [na:1.8.0_351]
	at org.apache.tomcat.util.threads.TaskThread$WrappingRunnable.run(TaskThread.java:61) [tomcat-embed-core-9.0.12.jar:9.0.12]
	at java.lang.Thread.run(Thread.java:750) [na:1.8.0_351]

2024-06-22 23:19:00.856 ERROR 21944 --- [http-nio-8888-exec-4] c.e.exception.GlobalExceptionHandler     : 异常信息：

org.mybatis.spring.MyBatisSystemException: nested exception is org.apache.ibatis.exceptions.PersistenceException: 
### Error querying database.  Cause: org.springframework.jdbc.CannotGetJdbcConnectionException: Failed to obtain JDBC Connection; nested exception is java.sql.SQLException: Access denied for user 'root'@'localhost' (using password: YES)
### The error may exist in com/example/dao/GoodsInfoDao.java (best guess)
### The error may involve com.example.dao.GoodsInfoDao.findRecommendGoods_COUNT
### The error occurred while executing a query
### Cause: org.springframework.jdbc.CannotGetJdbcConnectionException: Failed to obtain JDBC Connection; nested exception is java.sql.SQLException: Access denied for user 'root'@'localhost' (using password: YES)
	at org.mybatis.spring.MyBatisExceptionTranslator.translateExceptionIfPossible(MyBatisExceptionTranslator.java:77) ~[mybatis-spring-1.3.2.jar:1.3.2]
	at org.mybatis.spring.SqlSessionTemplate$SqlSessionInterceptor.invoke(SqlSessionTemplate.java:446) ~[mybatis-spring-1.3.2.jar:1.3.2]
	at com.sun.proxy.$Proxy76.selectList(Unknown Source) ~[na:na]
	at org.mybatis.spring.SqlSessionTemplate.selectList(SqlSessionTemplate.java:230) ~[mybatis-spring-1.3.2.jar:1.3.2]
	at org.apache.ibatis.binding.MapperMethod.executeForMany(MapperMethod.java:139) ~[mybatis-3.4.6.jar:3.4.6]
	at org.apache.ibatis.binding.MapperMethod.execute(MapperMethod.java:76) ~[mybatis-3.4.6.jar:3.4.6]
	at org.apache.ibatis.binding.MapperProxy.invoke(MapperProxy.java:59) ~[mybatis-3.4.6.jar:3.4.6]
	at com.sun.proxy.$Proxy92.findRecommendGoods(Unknown Source) ~[na:na]
	at com.example.service.GoodsInfoService.findRecommendGoods(GoodsInfoService.java:118) ~[classes/:na]
	at com.example.controller.GoodsInfoController.recommendGoods(GoodsInfoController.java:82) ~[classes/:na]
	at sun.reflect.NativeMethodAccessorImpl.invoke0(Native Method) ~[na:1.8.0_351]
	at sun.reflect.NativeMethodAccessorImpl.invoke(NativeMethodAccessorImpl.java:62) ~[na:1.8.0_351]
	at sun.reflect.DelegatingMethodAccessorImpl.invoke(DelegatingMethodAccessorImpl.java:43) ~[na:1.8.0_351]
	at java.lang.reflect.Method.invoke(Method.java:498) ~[na:1.8.0_351]
	at org.springframework.web.method.support.InvocableHandlerMethod.doInvoke(InvocableHandlerMethod.java:215) ~[spring-web-5.1.2.RELEASE.jar:5.1.2.RELEASE]
	at org.springframework.web.method.support.InvocableHandlerMethod.invokeForRequest(InvocableHandlerMethod.java:142) ~[spring-web-5.1.2.RELEASE.jar:5.1.2.RELEASE]
	at org.springframework.web.servlet.mvc.method.annotation.ServletInvocableHandlerMethod.invokeAndHandle(ServletInvocableHandlerMethod.java:102) ~[spring-webmvc-5.1.2.RELEASE.jar:5.1.2.RELEASE]
	at org.springframework.web.servlet.mvc.method.annotation.RequestMappingHandlerAdapter.invokeHandlerMethod(RequestMappingHandlerAdapter.java:895) ~[spring-webmvc-5.1.2.RELEASE.jar:5.1.2.RELEASE]
	at org.springframework.web.servlet.mvc.method.annotation.RequestMappingHandlerAdapter.handleInternal(RequestMappingHandlerAdapter.java:800) ~[spring-webmvc-5.1.2.RELEASE.jar:5.1.2.RELEASE]
	at org.springframework.web.servlet.mvc.method.AbstractHandlerMethodAdapter.handle(AbstractHandlerMethodAdapter.java:87) ~[spring-webmvc-5.1.2.RELEASE.jar:5.1.2.RELEASE]
	at org.springframework.web.servlet.DispatcherServlet.doDispatch(DispatcherServlet.java:1038) ~[spring-webmvc-5.1.2.RELEASE.jar:5.1.2.RELEASE]
	at org.springframework.web.servlet.DispatcherServlet.doService(DispatcherServlet.java:942) ~[spring-webmvc-5.1.2.RELEASE.jar:5.1.2.RELEASE]
	at org.springframework.web.servlet.FrameworkServlet.processRequest(FrameworkServlet.java:998) [spring-webmvc-5.1.2.RELEASE.jar:5.1.2.RELEASE]
	at org.springframework.web.servlet.FrameworkServlet.doGet(FrameworkServlet.java:890) [spring-webmvc-5.1.2.RELEASE.jar:5.1.2.RELEASE]
	at javax.servlet.http.HttpServlet.service(HttpServlet.java:634) [tomcat-embed-core-9.0.12.jar:9.0.12]
	at org.springframework.web.servlet.FrameworkServlet.service(FrameworkServlet.java:875) [spring-webmvc-5.1.2.RELEASE.jar:5.1.2.RELEASE]
	at javax.servlet.http.HttpServlet.service(HttpServlet.java:741) [tomcat-embed-core-9.0.12.jar:9.0.12]
	at org.apache.catalina.core.ApplicationFilterChain.internalDoFilter(ApplicationFilterChain.java:231) [tomcat-embed-core-9.0.12.jar:9.0.12]
	at org.apache.catalina.core.ApplicationFilterChain.doFilter(ApplicationFilterChain.java:166) [tomcat-embed-core-9.0.12.jar:9.0.12]
	at org.apache.tomcat.websocket.server.WsFilter.doFilter(WsFilter.java:53) [tomcat-embed-websocket-9.0.12.jar:9.0.12]
	at org.apache.catalina.core.ApplicationFilterChain.internalDoFilter(ApplicationFilterChain.java:193) [tomcat-embed-core-9.0.12.jar:9.0.12]
	at org.apache.catalina.core.ApplicationFilterChain.doFilter(ApplicationFilterChain.java:166) [tomcat-embed-core-9.0.12.jar:9.0.12]
	at org.springframework.web.filter.RequestContextFilter.doFilterInternal(RequestContextFilter.java:99) [spring-web-5.1.2.RELEASE.jar:5.1.2.RELEASE]
	at org.springframework.web.filter.OncePerRequestFilter.doFilter(OncePerRequestFilter.java:107) [spring-web-5.1.2.RELEASE.jar:5.1.2.RELEASE]
	at org.apache.catalina.core.ApplicationFilterChain.internalDoFilter(ApplicationFilterChain.java:193) [tomcat-embed-core-9.0.12.jar:9.0.12]
	at org.apache.catalina.core.ApplicationFilterChain.doFilter(ApplicationFilterChain.java:166) [tomcat-embed-core-9.0.12.jar:9.0.12]
	at org.springframework.web.filter.FormContentFilter.doFilterInternal(FormContentFilter.java:92) [spring-web-5.1.2.RELEASE.jar:5.1.2.RELEASE]
	at org.springframework.web.filter.OncePerRequestFilter.doFilter(OncePerRequestFilter.java:107) [spring-web-5.1.2.RELEASE.jar:5.1.2.RELEASE]
	at org.apache.catalina.core.ApplicationFilterChain.internalDoFilter(ApplicationFilterChain.java:193) [tomcat-embed-core-9.0.12.jar:9.0.12]
	at org.apache.catalina.core.ApplicationFilterChain.doFilter(ApplicationFilterChain.java:166) [tomcat-embed-core-9.0.12.jar:9.0.12]
	at org.springframework.web.filter.HiddenHttpMethodFilter.doFilterInternal(HiddenHttpMethodFilter.java:93) [spring-web-5.1.2.RELEASE.jar:5.1.2.RELEASE]
	at org.springframework.web.filter.OncePerRequestFilter.doFilter(OncePerRequestFilter.java:107) [spring-web-5.1.2.RELEASE.jar:5.1.2.RELEASE]
	at org.apache.catalina.core.ApplicationFilterChain.internalDoFilter(ApplicationFilterChain.java:193) [tomcat-embed-core-9.0.12.jar:9.0.12]
	at org.apache.catalina.core.ApplicationFilterChain.doFilter(ApplicationFilterChain.java:166) [tomcat-embed-core-9.0.12.jar:9.0.12]
	at org.springframework.web.filter.CharacterEncodingFilter.doFilterInternal(CharacterEncodingFilter.java:200) [spring-web-5.1.2.RELEASE.jar:5.1.2.RELEASE]
	at org.springframework.web.filter.OncePerRequestFilter.doFilter(OncePerRequestFilter.java:107) [spring-web-5.1.2.RELEASE.jar:5.1.2.RELEASE]
	at org.apache.catalina.core.ApplicationFilterChain.internalDoFilter(ApplicationFilterChain.java:193) [tomcat-embed-core-9.0.12.jar:9.0.12]
	at org.apache.catalina.core.ApplicationFilterChain.doFilter(ApplicationFilterChain.java:166) [tomcat-embed-core-9.0.12.jar:9.0.12]
	at org.apache.catalina.core.StandardWrapperValve.invoke(StandardWrapperValve.java:199) [tomcat-embed-core-9.0.12.jar:9.0.12]
	at org.apache.catalina.core.StandardContextValve.invoke(StandardContextValve.java:96) [tomcat-embed-core-9.0.12.jar:9.0.12]
	at org.apache.catalina.authenticator.AuthenticatorBase.invoke(AuthenticatorBase.java:490) [tomcat-embed-core-9.0.12.jar:9.0.12]
	at org.apache.catalina.core.StandardHostValve.invoke(StandardHostValve.java:139) [tomcat-embed-core-9.0.12.jar:9.0.12]
	at org.apache.catalina.valves.ErrorReportValve.invoke(ErrorReportValve.java:92) [tomcat-embed-core-9.0.12.jar:9.0.12]
	at org.apache.catalina.core.StandardEngineValve.invoke(StandardEngineValve.java:74) [tomcat-embed-core-9.0.12.jar:9.0.12]
	at org.apache.catalina.connector.CoyoteAdapter.service(CoyoteAdapter.java:343) [tomcat-embed-core-9.0.12.jar:9.0.12]
	at org.apache.coyote.http11.Http11Processor.service(Http11Processor.java:408) [tomcat-embed-core-9.0.12.jar:9.0.12]
	at org.apache.coyote.AbstractProcessorLight.process(AbstractProcessorLight.java:66) [tomcat-embed-core-9.0.12.jar:9.0.12]
	at org.apache.coyote.AbstractProtocol$ConnectionHandler.process(AbstractProtocol.java:770) [tomcat-embed-core-9.0.12.jar:9.0.12]
	at org.apache.tomcat.util.net.NioEndpoint$SocketProcessor.doRun(NioEndpoint.java:1415) [tomcat-embed-core-9.0.12.jar:9.0.12]
	at org.apache.tomcat.util.net.SocketProcessorBase.run(SocketProcessorBase.java:49) [tomcat-embed-core-9.0.12.jar:9.0.12]
	at java.util.concurrent.ThreadPoolExecutor.runWorker(ThreadPoolExecutor.java:1149) [na:1.8.0_351]
	at java.util.concurrent.ThreadPoolExecutor$Worker.run(ThreadPoolExecutor.java:624) [na:1.8.0_351]
	at org.apache.tomcat.util.threads.TaskThread$WrappingRunnable.run(TaskThread.java:61) [tomcat-embed-core-9.0.12.jar:9.0.12]
	at java.lang.Thread.run(Thread.java:750) [na:1.8.0_351]
Caused by: org.apache.ibatis.exceptions.PersistenceException: 
### Error querying database.  Cause: org.springframework.jdbc.CannotGetJdbcConnectionException: Failed to obtain JDBC Connection; nested exception is java.sql.SQLException: Access denied for user 'root'@'localhost' (using password: YES)
### The error may exist in com/example/dao/GoodsInfoDao.java (best guess)
### The error may involve com.example.dao.GoodsInfoDao.findRecommendGoods_COUNT
### The error occurred while executing a query
### Cause: org.springframework.jdbc.CannotGetJdbcConnectionException: Failed to obtain JDBC Connection; nested exception is java.sql.SQLException: Access denied for user 'root'@'localhost' (using password: YES)
	at org.apache.ibatis.exceptions.ExceptionFactory.wrapException(ExceptionFactory.java:30) ~[mybatis-3.4.6.jar:3.4.6]
	at org.apache.ibatis.session.defaults.DefaultSqlSession.selectList(DefaultSqlSession.java:150) ~[mybatis-3.4.6.jar:3.4.6]
	at org.apache.ibatis.session.defaults.DefaultSqlSession.selectList(DefaultSqlSession.java:141) ~[mybatis-3.4.6.jar:3.4.6]
	at sun.reflect.NativeMethodAccessorImpl.invoke0(Native Method) ~[na:1.8.0_351]
	at sun.reflect.NativeMethodAccessorImpl.invoke(NativeMethodAccessorImpl.java:62) ~[na:1.8.0_351]
	at sun.reflect.DelegatingMethodAccessorImpl.invoke(DelegatingMethodAccessorImpl.java:43) ~[na:1.8.0_351]
	at java.lang.reflect.Method.invoke(Method.java:498) ~[na:1.8.0_351]
	at org.mybatis.spring.SqlSessionTemplate$SqlSessionInterceptor.invoke(SqlSessionTemplate.java:433) ~[mybatis-spring-1.3.2.jar:1.3.2]
	... 62 common frames omitted
Caused by: org.springframework.jdbc.CannotGetJdbcConnectionException: Failed to obtain JDBC Connection; nested exception is java.sql.SQLException: Access denied for user 'root'@'localhost' (using password: YES)
	at org.springframework.jdbc.datasource.DataSourceUtils.getConnection(DataSourceUtils.java:81) ~[spring-jdbc-5.1.2.RELEASE.jar:5.1.2.RELEASE]
	at org.mybatis.spring.transaction.SpringManagedTransaction.openConnection(SpringManagedTransaction.java:82) ~[mybatis-spring-1.3.2.jar:1.3.2]
	at org.mybatis.spring.transaction.SpringManagedTransaction.getConnection(SpringManagedTransaction.java:68) ~[mybatis-spring-1.3.2.jar:1.3.2]
	at org.apache.ibatis.executor.BaseExecutor.getConnection(BaseExecutor.java:338) ~[mybatis-3.4.6.jar:3.4.6]
	at org.apache.ibatis.executor.SimpleExecutor.prepareStatement(SimpleExecutor.java:84) ~[mybatis-3.4.6.jar:3.4.6]
	at org.apache.ibatis.executor.SimpleExecutor.doQuery(SimpleExecutor.java:62) ~[mybatis-3.4.6.jar:3.4.6]
	at org.apache.ibatis.executor.BaseExecutor.queryFromDatabase(BaseExecutor.java:326) ~[mybatis-3.4.6.jar:3.4.6]
	at org.apache.ibatis.executor.BaseExecutor.query(BaseExecutor.java:156) ~[mybatis-3.4.6.jar:3.4.6]
	at org.apache.ibatis.executor.CachingExecutor.query(CachingExecutor.java:109) ~[mybatis-3.4.6.jar:3.4.6]
	at com.github.pagehelper.util.ExecutorUtil.executeAutoCount(ExecutorUtil.java:138) ~[pagehelper-5.1.8.jar:na]
	at com.github.pagehelper.PageInterceptor.count(PageInterceptor.java:148) ~[pagehelper-5.1.8.jar:na]
	at com.github.pagehelper.PageInterceptor.intercept(PageInterceptor.java:97) ~[pagehelper-5.1.8.jar:na]
	at org.apache.ibatis.plugin.Plugin.invoke(Plugin.java:61) ~[mybatis-3.4.6.jar:3.4.6]
	at com.sun.proxy.$Proxy119.query(Unknown Source) ~[na:na]
	at org.apache.ibatis.session.defaults.DefaultSqlSession.selectList(DefaultSqlSession.java:148) ~[mybatis-3.4.6.jar:3.4.6]
	... 68 common frames omitted
Caused by: java.sql.SQLException: Access denied for user 'root'@'localhost' (using password: YES)
	at com.mysql.jdbc.SQLError.createSQLException(SQLError.java:965) ~[mysql-connector-java-5.1.46.jar:5.1.46]
	at com.mysql.jdbc.MysqlIO.checkErrorPacket(MysqlIO.java:3976) ~[mysql-connector-java-5.1.46.jar:5.1.46]
	at com.mysql.jdbc.MysqlIO.checkErrorPacket(MysqlIO.java:3912) ~[mysql-connector-java-5.1.46.jar:5.1.46]
	at com.mysql.jdbc.MysqlIO.checkErrorPacket(MysqlIO.java:871) ~[mysql-connector-java-5.1.46.jar:5.1.46]
	at com.mysql.jdbc.MysqlIO.proceedHandshakeWithPluggableAuthentication(MysqlIO.java:1714) ~[mysql-connector-java-5.1.46.jar:5.1.46]
	at com.mysql.jdbc.MysqlIO.doHandshake(MysqlIO.java:1224) ~[mysql-connector-java-5.1.46.jar:5.1.46]
	at com.mysql.jdbc.ConnectionImpl.coreConnect(ConnectionImpl.java:2190) ~[mysql-connector-java-5.1.46.jar:5.1.46]
	at com.mysql.jdbc.ConnectionImpl.connectOneTryOnly(ConnectionImpl.java:2221) ~[mysql-connector-java-5.1.46.jar:5.1.46]
	at com.mysql.jdbc.ConnectionImpl.createNewIO(ConnectionImpl.java:2016) ~[mysql-connector-java-5.1.46.jar:5.1.46]
	at com.mysql.jdbc.ConnectionImpl.<init>(ConnectionImpl.java:776) ~[mysql-connector-java-5.1.46.jar:5.1.46]
	at com.mysql.jdbc.JDBC4Connection.<init>(JDBC4Connection.java:47) ~[mysql-connector-java-5.1.46.jar:5.1.46]
	at sun.reflect.NativeConstructorAccessorImpl.newInstance0(Native Method) ~[na:1.8.0_351]
	at sun.reflect.NativeConstructorAccessorImpl.newInstance(NativeConstructorAccessorImpl.java:62) ~[na:1.8.0_351]
	at sun.reflect.DelegatingConstructorAccessorImpl.newInstance(DelegatingConstructorAccessorImpl.java:45) ~[na:1.8.0_351]
	at java.lang.reflect.Constructor.newInstance(Constructor.java:423) ~[na:1.8.0_351]
	at com.mysql.jdbc.Util.handleNewInstance(Util.java:425) ~[mysql-connector-java-5.1.46.jar:5.1.46]
	at com.mysql.jdbc.ConnectionImpl.getInstance(ConnectionImpl.java:386) ~[mysql-connector-java-5.1.46.jar:5.1.46]
	at com.mysql.jdbc.NonRegisteringDriver.connect(NonRegisteringDriver.java:330) ~[mysql-connector-java-5.1.46.jar:5.1.46]
	at com.zaxxer.hikari.util.DriverDataSource.getConnection(DriverDataSource.java:136) ~[HikariCP-3.2.0.jar:na]
	at com.zaxxer.hikari.pool.PoolBase.newConnection(PoolBase.java:369) ~[HikariCP-3.2.0.jar:na]
	at com.zaxxer.hikari.pool.PoolBase.newPoolEntry(PoolBase.java:198) ~[HikariCP-3.2.0.jar:na]
	at com.zaxxer.hikari.pool.HikariPool.createPoolEntry(HikariPool.java:467) ~[HikariCP-3.2.0.jar:na]
	at com.zaxxer.hikari.pool.HikariPool.checkFailFast(HikariPool.java:541) ~[HikariCP-3.2.0.jar:na]
	at com.zaxxer.hikari.pool.HikariPool.<init>(HikariPool.java:115) ~[HikariCP-3.2.0.jar:na]
	at com.zaxxer.hikari.HikariDataSource.getConnection(HikariDataSource.java:112) ~[HikariCP-3.2.0.jar:na]
	at org.springframework.jdbc.datasource.DataSourceUtils.fetchConnection(DataSourceUtils.java:151) ~[spring-jdbc-5.1.2.RELEASE.jar:5.1.2.RELEASE]
	at org.springframework.jdbc.datasource.DataSourceUtils.doGetConnection(DataSourceUtils.java:115) ~[spring-jdbc-5.1.2.RELEASE.jar:5.1.2.RELEASE]
	at org.springframework.jdbc.datasource.DataSourceUtils.getConnection(DataSourceUtils.java:78) ~[spring-jdbc-5.1.2.RELEASE.jar:5.1.2.RELEASE]
	... 82 common frames omitted

2024-06-22 23:24:40.018  INFO 21944 --- [Thread-9] o.s.s.concurrent.ThreadPoolTaskExecutor  : Shutting down ExecutorService 'applicationTaskExecutor'
